-------------------------------------------------------------------------------
Test set: com.example.service.UserServiceTest
-------------------------------------------------------------------------------
Tests run: 8, Failures: 0, Errors: 8, Skipped: 0, Time elapsed: 0.021 s <<< FAILURE! - in com.example.service.UserServiceTest
testLogin_Success  Time elapsed: 0.016 s  <<< ERROR!
java.lang.NullPointerException: Cannot invoke "com.baomidou.mybatisplus.core.mapper.BaseMapper.selectOne(com.baomidou.mybatisplus.core.conditions.Wrapper)" because "this.baseMapper" is null
	at com.example.service.UserServiceTest.testLogin_Success(UserServiceTest.java:86)

testFindByUsername_Success  Time elapsed: 0 s  <<< ERROR!
org.mockito.exceptions.misusing.InvalidUseOfMatchersException: 

Misplaced or misused argument matcher detected here:

-> at com.example.service.UserServiceTest.testLogin_Success(UserServiceTest.java:86)

You cannot use argument matchers outside of verification or stubbing.
Examples of correct usage of argument matchers:
    when(mock.get(anyInt())).thenReturn(null);
    doThrow(new RuntimeException()).when(mock).someVoidMethod(any());
    verify(mock).someMethod(contains("foo"))

This message may appear after an NullPointerException if the last matcher is returning an object 
like any() but the stubbed method signature expect a primitive argument, in this case,
use primitive alternatives.
    when(mock.get(any())); // bad use, will raise NPE
    when(mock.get(anyInt())); // correct usage use

Also, this error might show up because you use argument matchers with methods that cannot be mocked.
Following methods *cannot* be stubbed/verified: final/private/equals()/hashCode().
Mocking methods declared on non-public parent classes is not supported.


testLogin_UserNotFound  Time elapsed: 0.001 s  <<< ERROR!
java.lang.NullPointerException: Cannot invoke "com.baomidou.mybatisplus.core.mapper.BaseMapper.selectOne(com.baomidou.mybatisplus.core.conditions.Wrapper)" because "this.baseMapper" is null
	at com.example.service.UserServiceTest.testLogin_UserNotFound(UserServiceTest.java:101)

testLogin_WrongPassword  Time elapsed: 0 s  <<< ERROR!
org.mockito.exceptions.misusing.InvalidUseOfMatchersException: 

Misplaced or misused argument matcher detected here:

-> at com.example.service.UserServiceTest.testLogin_UserNotFound(UserServiceTest.java:101)

You cannot use argument matchers outside of verification or stubbing.
Examples of correct usage of argument matchers:
    when(mock.get(anyInt())).thenReturn(null);
    doThrow(new RuntimeException()).when(mock).someVoidMethod(any());
    verify(mock).someMethod(contains("foo"))

This message may appear after an NullPointerException if the last matcher is returning an object 
like any() but the stubbed method signature expect a primitive argument, in this case,
use primitive alternatives.
    when(mock.get(any())); // bad use, will raise NPE
    when(mock.get(anyInt())); // correct usage use

Also, this error might show up because you use argument matchers with methods that cannot be mocked.
Following methods *cannot* be stubbed/verified: final/private/equals()/hashCode().
Mocking methods declared on non-public parent classes is not supported.


testUpdateUserInfo_Success  Time elapsed: 0.001 s  <<< ERROR!
java.lang.NullPointerException: Cannot invoke "com.baomidou.mybatisplus.core.mapper.BaseMapper.updateById(Object)" because the return value of "com.baomidou.mybatisplus.extension.service.IService.getBaseMapper()" is null
	at com.example.service.UserServiceTest.testUpdateUserInfo_Success(UserServiceTest.java:142)

testRegister_Success  Time elapsed: 0.001 s  <<< ERROR!
org.mockito.exceptions.misusing.InvalidUseOfMatchersException: 

Misplaced or misused argument matcher detected here:

-> at com.example.service.UserServiceTest.testUpdateUserInfo_Success(UserServiceTest.java:142)

You cannot use argument matchers outside of verification or stubbing.
Examples of correct usage of argument matchers:
    when(mock.get(anyInt())).thenReturn(null);
    doThrow(new RuntimeException()).when(mock).someVoidMethod(any());
    verify(mock).someMethod(contains("foo"))

This message may appear after an NullPointerException if the last matcher is returning an object 
like any() but the stubbed method signature expect a primitive argument, in this case,
use primitive alternatives.
    when(mock.get(any())); // bad use, will raise NPE
    when(mock.get(anyInt())); // correct usage use

Also, this error might show up because you use argument matchers with methods that cannot be mocked.
Following methods *cannot* be stubbed/verified: final/private/equals()/hashCode().
Mocking methods declared on non-public parent classes is not supported.


testUpdateUserInfo_Failure  Time elapsed: 0.001 s  <<< ERROR!
java.lang.NullPointerException: Cannot invoke "com.baomidou.mybatisplus.core.mapper.BaseMapper.updateById(Object)" because the return value of "com.baomidou.mybatisplus.extension.service.IService.getBaseMapper()" is null
	at com.example.service.UserServiceTest.testUpdateUserInfo_Failure(UserServiceTest.java:156)

testRegister_UsernameExists  Time elapsed: 0 s  <<< ERROR!
org.mockito.exceptions.misusing.InvalidUseOfMatchersException: 

Misplaced or misused argument matcher detected here:

-> at com.example.service.UserServiceTest.testUpdateUserInfo_Failure(UserServiceTest.java:156)

You cannot use argument matchers outside of verification or stubbing.
Examples of correct usage of argument matchers:
    when(mock.get(anyInt())).thenReturn(null);
    doThrow(new RuntimeException()).when(mock).someVoidMethod(any());
    verify(mock).someMethod(contains("foo"))

This message may appear after an NullPointerException if the last matcher is returning an object 
like any() but the stubbed method signature expect a primitive argument, in this case,
use primitive alternatives.
    when(mock.get(any())); // bad use, will raise NPE
    when(mock.get(anyInt())); // correct usage use

Also, this error might show up because you use argument matchers with methods that cannot be mocked.
Following methods *cannot* be stubbed/verified: final/private/equals()/hashCode().
Mocking methods declared on non-public parent classes is not supported.


