-------------------------------------------------------------------------------
Test set: com.example.service.ArticleServiceTest
-------------------------------------------------------------------------------
Tests run: 11, Failures: 0, Errors: 10, Skipped: 0, Time elapsed: 0.592 s <<< FAILURE! - in com.example.service.ArticleServiceTest
testGetArticlePage_WithNullStatus  Time elapsed: 0.545 s  <<< ERROR!
java.lang.NullPointerException: Cannot invoke "com.baomidou.mybatisplus.core.mapper.BaseMapper.selectPage(com.baomidou.mybatisplus.core.metadata.IPage, com.baomidou.mybatisplus.core.conditions.Wrapper)" because the return value of "com.baomidou.mybatisplus.extension.service.IService.getBaseMapper()" is null
	at com.example.service.ArticleServiceTest.testGetArticlePage_WithNullStatus(ArticleServiceTest.java:91)

testGetArticleDetail_NotFound  Time elapsed: 0.002 s  <<< ERROR!
org.mockito.exceptions.misusing.InvalidUseOfMatchersException: 

Misplaced or misused argument matcher detected here:

-> at com.example.service.ArticleServiceTest.testGetArticlePage_WithNullStatus(ArticleServiceTest.java:91)
-> at com.example.service.ArticleServiceTest.testGetArticlePage_WithNullStatus(ArticleServiceTest.java:91)

You cannot use argument matchers outside of verification or stubbing.
Examples of correct usage of argument matchers:
    when(mock.get(anyInt())).thenReturn(null);
    doThrow(new RuntimeException()).when(mock).someVoidMethod(any());
    verify(mock).someMethod(contains("foo"))

This message may appear after an NullPointerException if the last matcher is returning an object 
like any() but the stubbed method signature expect a primitive argument, in this case,
use primitive alternatives.
    when(mock.get(any())); // bad use, will raise NPE
    when(mock.get(anyInt())); // correct usage use

Also, this error might show up because you use argument matchers with methods that cannot be mocked.
Following methods *cannot* be stubbed/verified: final/private/equals()/hashCode().
Mocking methods declared on non-public parent classes is not supported.


testDeleteArticle_Failure  Time elapsed: 0.003 s  <<< ERROR!
java.lang.NullPointerException: Cannot invoke "com.baomidou.mybatisplus.core.metadata.TableInfo.isWithLogicDelete()" because "tableInfo" is null
	at com.example.service.ArticleServiceTest.testDeleteArticle_Failure(ArticleServiceTest.java:195)

testCreateArticle_Failure  Time elapsed: 0.002 s  <<< ERROR!
java.lang.NullPointerException: Cannot invoke "com.baomidou.mybatisplus.core.mapper.BaseMapper.insert(Object)" because the return value of "com.baomidou.mybatisplus.extension.service.IService.getBaseMapper()" is null
	at com.example.service.ArticleServiceTest.testCreateArticle_Failure(ArticleServiceTest.java:146)

testUpdateArticle_Success  Time elapsed: 0 s  <<< ERROR!
org.mockito.exceptions.misusing.InvalidUseOfMatchersException: 

Misplaced or misused argument matcher detected here:

-> at com.example.service.ArticleServiceTest.testCreateArticle_Failure(ArticleServiceTest.java:146)

You cannot use argument matchers outside of verification or stubbing.
Examples of correct usage of argument matchers:
    when(mock.get(anyInt())).thenReturn(null);
    doThrow(new RuntimeException()).when(mock).someVoidMethod(any());
    verify(mock).someMethod(contains("foo"))

This message may appear after an NullPointerException if the last matcher is returning an object 
like any() but the stubbed method signature expect a primitive argument, in this case,
use primitive alternatives.
    when(mock.get(any())); // bad use, will raise NPE
    when(mock.get(anyInt())); // correct usage use

Also, this error might show up because you use argument matchers with methods that cannot be mocked.
Following methods *cannot* be stubbed/verified: final/private/equals()/hashCode().
Mocking methods declared on non-public parent classes is not supported.


testGetArticleDetail_Success  Time elapsed: 0.001 s  <<< ERROR!
java.lang.NullPointerException: Cannot invoke "com.baomidou.mybatisplus.core.mapper.BaseMapper.selectById(java.io.Serializable)" because the return value of "com.baomidou.mybatisplus.extension.service.IService.getBaseMapper()" is null
	at com.example.service.ArticleServiceTest.testGetArticleDetail_Success(ArticleServiceTest.java:104)

testUpdateArticle_Failure  Time elapsed: 0.003 s  <<< ERROR!
java.lang.NullPointerException: Cannot invoke "com.baomidou.mybatisplus.core.mapper.BaseMapper.updateById(Object)" because the return value of "com.baomidou.mybatisplus.extension.service.IService.getBaseMapper()" is null
	at com.example.service.ArticleServiceTest.testUpdateArticle_Failure(ArticleServiceTest.java:171)

testGetArticlePage_Success  Time elapsed: 0.001 s  <<< ERROR!
org.mockito.exceptions.misusing.InvalidUseOfMatchersException: 

Misplaced or misused argument matcher detected here:

-> at com.example.service.ArticleServiceTest.testUpdateArticle_Failure(ArticleServiceTest.java:171)

You cannot use argument matchers outside of verification or stubbing.
Examples of correct usage of argument matchers:
    when(mock.get(anyInt())).thenReturn(null);
    doThrow(new RuntimeException()).when(mock).someVoidMethod(any());
    verify(mock).someMethod(contains("foo"))

This message may appear after an NullPointerException if the last matcher is returning an object 
like any() but the stubbed method signature expect a primitive argument, in this case,
use primitive alternatives.
    when(mock.get(any())); // bad use, will raise NPE
    when(mock.get(anyInt())); // correct usage use

Also, this error might show up because you use argument matchers with methods that cannot be mocked.
Following methods *cannot* be stubbed/verified: final/private/equals()/hashCode().
Mocking methods declared on non-public parent classes is not supported.


testDeleteArticle_Success  Time elapsed: 0.001 s  <<< ERROR!
java.lang.NullPointerException: Cannot invoke "com.baomidou.mybatisplus.core.metadata.TableInfo.isWithLogicDelete()" because "tableInfo" is null
	at com.example.service.ArticleServiceTest.testDeleteArticle_Success(ArticleServiceTest.java:183)

testCreateArticle_Success  Time elapsed: 0.002 s  <<< ERROR!
java.lang.NullPointerException: Cannot invoke "com.baomidou.mybatisplus.core.mapper.BaseMapper.insert(Object)" because the return value of "com.baomidou.mybatisplus.extension.service.IService.getBaseMapper()" is null
	at com.example.service.ArticleServiceTest.testCreateArticle_Success(ArticleServiceTest.java:130)

