-------------------------------------------------------------------------------
Test set: com.example.SimblogApplicationTests
-------------------------------------------------------------------------------
Tests run: 2, Failures: 0, Errors: 2, Skipped: 0, Time elapsed: 3.91 s <<< FAILURE! - in com.example.SimblogApplicationTests
contextLoads  Time elapsed: 0.001 s  <<< ERROR!
java.lang.IllegalStateException: Failed to load ApplicationContext
Caused by: org.springframework.beans.factory.BeanCreationException: 
Error creating bean with name 'dataSourceScriptDatabaseInitializer' defined in class path resource [org/springframework/boot/autoconfigure/sql/init/DataSourceInitializationConfiguration.class]: Invocation of init method failed; nested exception is org.springframework.jdbc.datasource.init.ScriptStatementFailedException: Failed to execute SQL script statement #1 of URL [file:/D:/simblog/target/test-classes/data.sql]: CREATE TABLE IF NOT EXISTS `user` ( `id` BIGINT NOT NULL AUTO_INCREMENT COMMENT '用户ID', `username` VARCHAR(50) NOT NULL COMMENT '用户名', `password` VARCHAR(100) NOT NULL COMMENT '密码', `email` VARCHAR(100) COMMENT '邮箱', `nickname` VARCHAR(50) COMMENT '昵称', `avatar` VARCHAR(255) COMMENT '头像', `bio` TEXT COMMENT '个人简介', `create_time` DATETIME NOT NULL DEFAULT CURRENT_TIMESTAMP COMMENT '创建时间', `update_time` DATETIME NOT NULL DEFAULT CURRENT_TIMESTAMP ON UPDATE CURRENT_TIMESTAMP COMMENT '更新时间', `deleted` TINYINT NOT NULL DEFAULT 0 COMMENT '是否删除', PRIMARY KEY (`id`), UNIQUE KEY `uk_username` (`username`) ); nested exception is org.h2.jdbc.JdbcSQLSyntaxErrorException: Syntax error in SQL statement "CREATE TABLE IF NOT EXISTS `user` ( `id` BIGINT NOT NULL AUTO_INCREMENT COMMENT '用户ID', `username` VARCHAR(50) NOT NULL COMMENT '用户名', `password` VARCHAR(100) NOT NULL COMMENT '密码', `email` VARCHAR(100) COMMENT '邮箱', `nickname` VARCHAR(50) COMMENT '昵称', `avatar` VARCHAR(255) COMMENT '头像', `bio` TEXT COMMENT '个人简介', `create_time` DATETIME NOT NULL DEFAULT CURRENT_TIMESTAMP COMMENT '创建时间', `update_time` DATETIME NOT NULL DEFAULT CURRENT_TIMESTAMP ON UPDATE CURRENT_TIMESTAMP COMMENT '更新时间', `deleted` TINYINT NOT NULL DEFAULT 0 COMMENT '是否删除', PRIMARY KEY (`id`), UNIQUE [*]KEY `uk_username` (`username`) )"; expected "("; SQL statement:
CREATE TABLE IF NOT EXISTS `user` ( `id` BIGINT NOT NULL AUTO_INCREMENT COMMENT '用户ID', `username` VARCHAR(50) NOT NULL COMMENT '用户名', `password` VARCHAR(100) NOT NULL COMMENT '密码', `email` VARCHAR(100) COMMENT '邮箱', `nickname` VARCHAR(50) COMMENT '昵称', `avatar` VARCHAR(255) COMMENT '头像', `bio` TEXT COMMENT '个人简介', `create_time` DATETIME NOT NULL DEFAULT CURRENT_TIMESTAMP COMMENT '创建时间', `update_time` DATETIME NOT NULL DEFAULT CURRENT_TIMESTAMP ON UPDATE CURRENT_TIMESTAMP COMMENT '更新时间', `deleted` TINYINT NOT NULL DEFAULT 0 COMMENT '是否删除', PRIMARY KEY (`id`), UNIQUE KEY `uk_username` (`username`) ) [42001-212]
Caused by: org.springframework.jdbc.datasource.init.ScriptStatementFailedException: 
Failed to execute SQL script statement #1 of URL [file:/D:/simblog/target/test-classes/data.sql]: CREATE TABLE IF NOT EXISTS `user` ( `id` BIGINT NOT NULL AUTO_INCREMENT COMMENT '用户ID', `username` VARCHAR(50) NOT NULL COMMENT '用户名', `password` VARCHAR(100) NOT NULL COMMENT '密码', `email` VARCHAR(100) COMMENT '邮箱', `nickname` VARCHAR(50) COMMENT '昵称', `avatar` VARCHAR(255) COMMENT '头像', `bio` TEXT COMMENT '个人简介', `create_time` DATETIME NOT NULL DEFAULT CURRENT_TIMESTAMP COMMENT '创建时间', `update_time` DATETIME NOT NULL DEFAULT CURRENT_TIMESTAMP ON UPDATE CURRENT_TIMESTAMP COMMENT '更新时间', `deleted` TINYINT NOT NULL DEFAULT 0 COMMENT '是否删除', PRIMARY KEY (`id`), UNIQUE KEY `uk_username` (`username`) ); nested exception is org.h2.jdbc.JdbcSQLSyntaxErrorException: Syntax error in SQL statement "CREATE TABLE IF NOT EXISTS `user` ( `id` BIGINT NOT NULL AUTO_INCREMENT COMMENT '用户ID', `username` VARCHAR(50) NOT NULL COMMENT '用户名', `password` VARCHAR(100) NOT NULL COMMENT '密码', `email` VARCHAR(100) COMMENT '邮箱', `nickname` VARCHAR(50) COMMENT '昵称', `avatar` VARCHAR(255) COMMENT '头像', `bio` TEXT COMMENT '个人简介', `create_time` DATETIME NOT NULL DEFAULT CURRENT_TIMESTAMP COMMENT '创建时间', `update_time` DATETIME NOT NULL DEFAULT CURRENT_TIMESTAMP ON UPDATE CURRENT_TIMESTAMP COMMENT '更新时间', `deleted` TINYINT NOT NULL DEFAULT 0 COMMENT '是否删除', PRIMARY KEY (`id`), UNIQUE [*]KEY `uk_username` (`username`) )"; expected "("; SQL statement:
CREATE TABLE IF NOT EXISTS `user` ( `id` BIGINT NOT NULL AUTO_INCREMENT COMMENT '用户ID', `username` VARCHAR(50) NOT NULL COMMENT '用户名', `password` VARCHAR(100) NOT NULL COMMENT '密码', `email` VARCHAR(100) COMMENT '邮箱', `nickname` VARCHAR(50) COMMENT '昵称', `avatar` VARCHAR(255) COMMENT '头像', `bio` TEXT COMMENT '个人简介', `create_time` DATETIME NOT NULL DEFAULT CURRENT_TIMESTAMP COMMENT '创建时间', `update_time` DATETIME NOT NULL DEFAULT CURRENT_TIMESTAMP ON UPDATE CURRENT_TIMESTAMP COMMENT '更新时间', `deleted` TINYINT NOT NULL DEFAULT 0 COMMENT '是否删除', PRIMARY KEY (`id`), UNIQUE KEY `uk_username` (`username`) ) [42001-212]
Caused by: org.h2.jdbc.JdbcSQLSyntaxErrorException: 
Syntax error in SQL statement "CREATE TABLE IF NOT EXISTS `user` ( `id` BIGINT NOT NULL AUTO_INCREMENT COMMENT '用户ID', `username` VARCHAR(50) NOT NULL COMMENT '用户名', `password` VARCHAR(100) NOT NULL COMMENT '密码', `email` VARCHAR(100) COMMENT '邮箱', `nickname` VARCHAR(50) COMMENT '昵称', `avatar` VARCHAR(255) COMMENT '头像', `bio` TEXT COMMENT '个人简介', `create_time` DATETIME NOT NULL DEFAULT CURRENT_TIMESTAMP COMMENT '创建时间', `update_time` DATETIME NOT NULL DEFAULT CURRENT_TIMESTAMP ON UPDATE CURRENT_TIMESTAMP COMMENT '更新时间', `deleted` TINYINT NOT NULL DEFAULT 0 COMMENT '是否删除', PRIMARY KEY (`id`), UNIQUE [*]KEY `uk_username` (`username`) )"; expected "("; SQL statement:
CREATE TABLE IF NOT EXISTS `user` ( `id` BIGINT NOT NULL AUTO_INCREMENT COMMENT '用户ID', `username` VARCHAR(50) NOT NULL COMMENT '用户名', `password` VARCHAR(100) NOT NULL COMMENT '密码', `email` VARCHAR(100) COMMENT '邮箱', `nickname` VARCHAR(50) COMMENT '昵称', `avatar` VARCHAR(255) COMMENT '头像', `bio` TEXT COMMENT '个人简介', `create_time` DATETIME NOT NULL DEFAULT CURRENT_TIMESTAMP COMMENT '创建时间', `update_time` DATETIME NOT NULL DEFAULT CURRENT_TIMESTAMP ON UPDATE CURRENT_TIMESTAMP COMMENT '更新时间', `deleted` TINYINT NOT NULL DEFAULT 0 COMMENT '是否删除', PRIMARY KEY (`id`), UNIQUE KEY `uk_username` (`username`) ) [42001-212]

testApplicationStartup  Time elapsed: 0 s  <<< ERROR!
java.lang.IllegalStateException: Failed to load ApplicationContext
Caused by: org.springframework.beans.factory.BeanCreationException: 
Error creating bean with name 'dataSourceScriptDatabaseInitializer' defined in class path resource [org/springframework/boot/autoconfigure/sql/init/DataSourceInitializationConfiguration.class]: Invocation of init method failed; nested exception is org.springframework.jdbc.datasource.init.ScriptStatementFailedException: Failed to execute SQL script statement #1 of URL [file:/D:/simblog/target/test-classes/data.sql]: CREATE TABLE IF NOT EXISTS `user` ( `id` BIGINT NOT NULL AUTO_INCREMENT COMMENT '用户ID', `username` VARCHAR(50) NOT NULL COMMENT '用户名', `password` VARCHAR(100) NOT NULL COMMENT '密码', `email` VARCHAR(100) COMMENT '邮箱', `nickname` VARCHAR(50) COMMENT '昵称', `avatar` VARCHAR(255) COMMENT '头像', `bio` TEXT COMMENT '个人简介', `create_time` DATETIME NOT NULL DEFAULT CURRENT_TIMESTAMP COMMENT '创建时间', `update_time` DATETIME NOT NULL DEFAULT CURRENT_TIMESTAMP ON UPDATE CURRENT_TIMESTAMP COMMENT '更新时间', `deleted` TINYINT NOT NULL DEFAULT 0 COMMENT '是否删除', PRIMARY KEY (`id`), UNIQUE KEY `uk_username` (`username`) ); nested exception is org.h2.jdbc.JdbcSQLSyntaxErrorException: Syntax error in SQL statement "CREATE TABLE IF NOT EXISTS `user` ( `id` BIGINT NOT NULL AUTO_INCREMENT COMMENT '用户ID', `username` VARCHAR(50) NOT NULL COMMENT '用户名', `password` VARCHAR(100) NOT NULL COMMENT '密码', `email` VARCHAR(100) COMMENT '邮箱', `nickname` VARCHAR(50) COMMENT '昵称', `avatar` VARCHAR(255) COMMENT '头像', `bio` TEXT COMMENT '个人简介', `create_time` DATETIME NOT NULL DEFAULT CURRENT_TIMESTAMP COMMENT '创建时间', `update_time` DATETIME NOT NULL DEFAULT CURRENT_TIMESTAMP ON UPDATE CURRENT_TIMESTAMP COMMENT '更新时间', `deleted` TINYINT NOT NULL DEFAULT 0 COMMENT '是否删除', PRIMARY KEY (`id`), UNIQUE [*]KEY `uk_username` (`username`) )"; expected "("; SQL statement:
CREATE TABLE IF NOT EXISTS `user` ( `id` BIGINT NOT NULL AUTO_INCREMENT COMMENT '用户ID', `username` VARCHAR(50) NOT NULL COMMENT '用户名', `password` VARCHAR(100) NOT NULL COMMENT '密码', `email` VARCHAR(100) COMMENT '邮箱', `nickname` VARCHAR(50) COMMENT '昵称', `avatar` VARCHAR(255) COMMENT '头像', `bio` TEXT COMMENT '个人简介', `create_time` DATETIME NOT NULL DEFAULT CURRENT_TIMESTAMP COMMENT '创建时间', `update_time` DATETIME NOT NULL DEFAULT CURRENT_TIMESTAMP ON UPDATE CURRENT_TIMESTAMP COMMENT '更新时间', `deleted` TINYINT NOT NULL DEFAULT 0 COMMENT '是否删除', PRIMARY KEY (`id`), UNIQUE KEY `uk_username` (`username`) ) [42001-212]
Caused by: org.springframework.jdbc.datasource.init.ScriptStatementFailedException: 
Failed to execute SQL script statement #1 of URL [file:/D:/simblog/target/test-classes/data.sql]: CREATE TABLE IF NOT EXISTS `user` ( `id` BIGINT NOT NULL AUTO_INCREMENT COMMENT '用户ID', `username` VARCHAR(50) NOT NULL COMMENT '用户名', `password` VARCHAR(100) NOT NULL COMMENT '密码', `email` VARCHAR(100) COMMENT '邮箱', `nickname` VARCHAR(50) COMMENT '昵称', `avatar` VARCHAR(255) COMMENT '头像', `bio` TEXT COMMENT '个人简介', `create_time` DATETIME NOT NULL DEFAULT CURRENT_TIMESTAMP COMMENT '创建时间', `update_time` DATETIME NOT NULL DEFAULT CURRENT_TIMESTAMP ON UPDATE CURRENT_TIMESTAMP COMMENT '更新时间', `deleted` TINYINT NOT NULL DEFAULT 0 COMMENT '是否删除', PRIMARY KEY (`id`), UNIQUE KEY `uk_username` (`username`) ); nested exception is org.h2.jdbc.JdbcSQLSyntaxErrorException: Syntax error in SQL statement "CREATE TABLE IF NOT EXISTS `user` ( `id` BIGINT NOT NULL AUTO_INCREMENT COMMENT '用户ID', `username` VARCHAR(50) NOT NULL COMMENT '用户名', `password` VARCHAR(100) NOT NULL COMMENT '密码', `email` VARCHAR(100) COMMENT '邮箱', `nickname` VARCHAR(50) COMMENT '昵称', `avatar` VARCHAR(255) COMMENT '头像', `bio` TEXT COMMENT '个人简介', `create_time` DATETIME NOT NULL DEFAULT CURRENT_TIMESTAMP COMMENT '创建时间', `update_time` DATETIME NOT NULL DEFAULT CURRENT_TIMESTAMP ON UPDATE CURRENT_TIMESTAMP COMMENT '更新时间', `deleted` TINYINT NOT NULL DEFAULT 0 COMMENT '是否删除', PRIMARY KEY (`id`), UNIQUE [*]KEY `uk_username` (`username`) )"; expected "("; SQL statement:
CREATE TABLE IF NOT EXISTS `user` ( `id` BIGINT NOT NULL AUTO_INCREMENT COMMENT '用户ID', `username` VARCHAR(50) NOT NULL COMMENT '用户名', `password` VARCHAR(100) NOT NULL COMMENT '密码', `email` VARCHAR(100) COMMENT '邮箱', `nickname` VARCHAR(50) COMMENT '昵称', `avatar` VARCHAR(255) COMMENT '头像', `bio` TEXT COMMENT '个人简介', `create_time` DATETIME NOT NULL DEFAULT CURRENT_TIMESTAMP COMMENT '创建时间', `update_time` DATETIME NOT NULL DEFAULT CURRENT_TIMESTAMP ON UPDATE CURRENT_TIMESTAMP COMMENT '更新时间', `deleted` TINYINT NOT NULL DEFAULT 0 COMMENT '是否删除', PRIMARY KEY (`id`), UNIQUE KEY `uk_username` (`username`) ) [42001-212]
Caused by: org.h2.jdbc.JdbcSQLSyntaxErrorException: 
Syntax error in SQL statement "CREATE TABLE IF NOT EXISTS `user` ( `id` BIGINT NOT NULL AUTO_INCREMENT COMMENT '用户ID', `username` VARCHAR(50) NOT NULL COMMENT '用户名', `password` VARCHAR(100) NOT NULL COMMENT '密码', `email` VARCHAR(100) COMMENT '邮箱', `nickname` VARCHAR(50) COMMENT '昵称', `avatar` VARCHAR(255) COMMENT '头像', `bio` TEXT COMMENT '个人简介', `create_time` DATETIME NOT NULL DEFAULT CURRENT_TIMESTAMP COMMENT '创建时间', `update_time` DATETIME NOT NULL DEFAULT CURRENT_TIMESTAMP ON UPDATE CURRENT_TIMESTAMP COMMENT '更新时间', `deleted` TINYINT NOT NULL DEFAULT 0 COMMENT '是否删除', PRIMARY KEY (`id`), UNIQUE [*]KEY `uk_username` (`username`) )"; expected "("; SQL statement:
CREATE TABLE IF NOT EXISTS `user` ( `id` BIGINT NOT NULL AUTO_INCREMENT COMMENT '用户ID', `username` VARCHAR(50) NOT NULL COMMENT '用户名', `password` VARCHAR(100) NOT NULL COMMENT '密码', `email` VARCHAR(100) COMMENT '邮箱', `nickname` VARCHAR(50) COMMENT '昵称', `avatar` VARCHAR(255) COMMENT '头像', `bio` TEXT COMMENT '个人简介', `create_time` DATETIME NOT NULL DEFAULT CURRENT_TIMESTAMP COMMENT '创建时间', `update_time` DATETIME NOT NULL DEFAULT CURRENT_TIMESTAMP ON UPDATE CURRENT_TIMESTAMP COMMENT '更新时间', `deleted` TINYINT NOT NULL DEFAULT 0 COMMENT '是否删除', PRIMARY KEY (`id`), UNIQUE KEY `uk_username` (`username`) ) [42001-212]

