<?xml version="1.0" encoding="UTF-8"?>
<testsuite xmlns:xsi="http://www.w3.org/2001/XMLSchema-instance" xsi:noNamespaceSchemaLocation="https://maven.apache.org/surefire/maven-surefire-plugin/xsd/surefire-test-report.xsd" name="com.example.SimblogApplicationTests" time="3.91" tests="2" errors="2" skipped="0" failures="0">
  <properties>
[...]
</properties>
  <testcase name="contextLoads" classname="com.example.SimblogApplicationTests" time="0.001">
    <error message="Failed to load ApplicationContext" type="java.lang.IllegalStateException">java.lang.IllegalStateException: Failed to load ApplicationContext
Caused by: org.springframework.beans.factory.BeanCreationException: 
Error creating bean with name 'dataSourceScriptDatabaseInitializer' defined in class path resource [org/springframework/boot/autoconfigure/sql/init/DataSourceInitializationConfiguration.class]: Invocation of init method failed; nested exception is org.springframework.jdbc.datasource.init.ScriptStatementFailedException: Failed to execute SQL script statement #1 of URL [file:/D:/simblog/target/test-classes/data.sql]: CREATE TABLE IF NOT EXISTS `user` ( `id` BIGINT NOT NULL AUTO_INCREMENT COMMENT '用户ID', `username` VARCHAR(50) NOT NULL COMMENT '用户名', `password` VARCHAR(100) NOT NULL COMMENT '密码', `email` VARCHAR(100) COMMENT '邮箱', `nickname` VARCHAR(50) COMMENT '昵称', `avatar` VARCHAR(255) COMMENT '头像', `bio` TEXT COMMENT '个人简介', `create_time` DATETIME NOT NULL DEFAULT CURRENT_TIMESTAMP COMMENT '创建时间', `update_time` DATETIME NOT NULL DEFAULT CURRENT_TIMESTAMP ON UPDATE CURRENT_TIMESTAMP COMMENT '更新时间', `deleted` TINYINT NOT NULL DEFAULT 0 COMMENT '是否删除', PRIMARY KEY (`id`), UNIQUE KEY `uk_username` (`username`) ); nested exception is org.h2.jdbc.JdbcSQLSyntaxErrorException: Syntax error in SQL statement "CREATE TABLE IF NOT EXISTS `user` ( `id` BIGINT NOT NULL AUTO_INCREMENT COMMENT '用户ID', `username` VARCHAR(50) NOT NULL COMMENT '用户名', `password` VARCHAR(100) NOT NULL COMMENT '密码', `email` VARCHAR(100) COMMENT '邮箱', `nickname` VARCHAR(50) COMMENT '昵称', `avatar` VARCHAR(255) COMMENT '头像', `bio` TEXT COMMENT '个人简介', `create_time` DATETIME NOT NULL DEFAULT CURRENT_TIMESTAMP COMMENT '创建时间', `update_time` DATETIME NOT NULL DEFAULT CURRENT_TIMESTAMP ON UPDATE CURRENT_TIMESTAMP COMMENT '更新时间', `deleted` TINYINT NOT NULL DEFAULT 0 COMMENT '是否删除', PRIMARY KEY (`id`), UNIQUE [*]KEY `uk_username` (`username`) )"; expected "("; SQL statement:
CREATE TABLE IF NOT EXISTS `user` ( `id` BIGINT NOT NULL AUTO_INCREMENT COMMENT '用户ID', `username` VARCHAR(50) NOT NULL COMMENT '用户名', `password` VARCHAR(100) NOT NULL COMMENT '密码', `email` VARCHAR(100) COMMENT '邮箱', `nickname` VARCHAR(50) COMMENT '昵称', `avatar` VARCHAR(255) COMMENT '头像', `bio` TEXT COMMENT '个人简介', `create_time` DATETIME NOT NULL DEFAULT CURRENT_TIMESTAMP COMMENT '创建时间', `update_time` DATETIME NOT NULL DEFAULT CURRENT_TIMESTAMP ON UPDATE CURRENT_TIMESTAMP COMMENT '更新时间', `deleted` TINYINT NOT NULL DEFAULT 0 COMMENT '是否删除', PRIMARY KEY (`id`), UNIQUE KEY `uk_username` (`username`) ) [42001-212]
Caused by: org.springframework.jdbc.datasource.init.ScriptStatementFailedException: 
Failed to execute SQL script statement #1 of URL [file:/D:/simblog/target/test-classes/data.sql]: CREATE TABLE IF NOT EXISTS `user` ( `id` BIGINT NOT NULL AUTO_INCREMENT COMMENT '用户ID', `username` VARCHAR(50) NOT NULL COMMENT '用户名', `password` VARCHAR(100) NOT NULL COMMENT '密码', `email` VARCHAR(100) COMMENT '邮箱', `nickname` VARCHAR(50) COMMENT '昵称', `avatar` VARCHAR(255) COMMENT '头像', `bio` TEXT COMMENT '个人简介', `create_time` DATETIME NOT NULL DEFAULT CURRENT_TIMESTAMP COMMENT '创建时间', `update_time` DATETIME NOT NULL DEFAULT CURRENT_TIMESTAMP ON UPDATE CURRENT_TIMESTAMP COMMENT '更新时间', `deleted` TINYINT NOT NULL DEFAULT 0 COMMENT '是否删除', PRIMARY KEY (`id`), UNIQUE KEY `uk_username` (`username`) ); nested exception is org.h2.jdbc.JdbcSQLSyntaxErrorException: Syntax error in SQL statement "CREATE TABLE IF NOT EXISTS `user` ( `id` BIGINT NOT NULL AUTO_INCREMENT COMMENT '用户ID', `username` VARCHAR(50) NOT NULL COMMENT '用户名', `password` VARCHAR(100) NOT NULL COMMENT '密码', `email` VARCHAR(100) COMMENT '邮箱', `nickname` VARCHAR(50) COMMENT '昵称', `avatar` VARCHAR(255) COMMENT '头像', `bio` TEXT COMMENT '个人简介', `create_time` DATETIME NOT NULL DEFAULT CURRENT_TIMESTAMP COMMENT '创建时间', `update_time` DATETIME NOT NULL DEFAULT CURRENT_TIMESTAMP ON UPDATE CURRENT_TIMESTAMP COMMENT '更新时间', `deleted` TINYINT NOT NULL DEFAULT 0 COMMENT '是否删除', PRIMARY KEY (`id`), UNIQUE [*]KEY `uk_username` (`username`) )"; expected "("; SQL statement:
CREATE TABLE IF NOT EXISTS `user` ( `id` BIGINT NOT NULL AUTO_INCREMENT COMMENT '用户ID', `username` VARCHAR(50) NOT NULL COMMENT '用户名', `password` VARCHAR(100) NOT NULL COMMENT '密码', `email` VARCHAR(100) COMMENT '邮箱', `nickname` VARCHAR(50) COMMENT '昵称', `avatar` VARCHAR(255) COMMENT '头像', `bio` TEXT COMMENT '个人简介', `create_time` DATETIME NOT NULL DEFAULT CURRENT_TIMESTAMP COMMENT '创建时间', `update_time` DATETIME NOT NULL DEFAULT CURRENT_TIMESTAMP ON UPDATE CURRENT_TIMESTAMP COMMENT '更新时间', `deleted` TINYINT NOT NULL DEFAULT 0 COMMENT '是否删除', PRIMARY KEY (`id`), UNIQUE KEY `uk_username` (`username`) ) [42001-212]
Caused by: org.h2.jdbc.JdbcSQLSyntaxErrorException: 
Syntax error in SQL statement "CREATE TABLE IF NOT EXISTS `user` ( `id` BIGINT NOT NULL AUTO_INCREMENT COMMENT '用户ID', `username` VARCHAR(50) NOT NULL COMMENT '用户名', `password` VARCHAR(100) NOT NULL COMMENT '密码', `email` VARCHAR(100) COMMENT '邮箱', `nickname` VARCHAR(50) COMMENT '昵称', `avatar` VARCHAR(255) COMMENT '头像', `bio` TEXT COMMENT '个人简介', `create_time` DATETIME NOT NULL DEFAULT CURRENT_TIMESTAMP COMMENT '创建时间', `update_time` DATETIME NOT NULL DEFAULT CURRENT_TIMESTAMP ON UPDATE CURRENT_TIMESTAMP COMMENT '更新时间', `deleted` TINYINT NOT NULL DEFAULT 0 COMMENT '是否删除', PRIMARY KEY (`id`), UNIQUE [*]KEY `uk_username` (`username`) )"; expected "("; SQL statement:
CREATE TABLE IF NOT EXISTS `user` ( `id` BIGINT NOT NULL AUTO_INCREMENT COMMENT '用户ID', `username` VARCHAR(50) NOT NULL COMMENT '用户名', `password` VARCHAR(100) NOT NULL COMMENT '密码', `email` VARCHAR(100) COMMENT '邮箱', `nickname` VARCHAR(50) COMMENT '昵称', `avatar` VARCHAR(255) COMMENT '头像', `bio` TEXT COMMENT '个人简介', `create_time` DATETIME NOT NULL DEFAULT CURRENT_TIMESTAMP COMMENT '创建时间', `update_time` DATETIME NOT NULL DEFAULT CURRENT_TIMESTAMP ON UPDATE CURRENT_TIMESTAMP COMMENT '更新时间', `deleted` TINYINT NOT NULL DEFAULT 0 COMMENT '是否删除', PRIMARY KEY (`id`), UNIQUE KEY `uk_username` (`username`) ) [42001-212]
</error>
    <system-out><![CDATA[17:04:58.181 [main] DEBUG org.springframework.test.context.BootstrapUtils - Instantiating CacheAwareContextLoaderDelegate from class [org.springframework.test.context.cache.DefaultCacheAwareContextLoaderDelegate]
17:04:58.186 [main] DEBUG org.springframework.test.context.BootstrapUtils - Instantiating BootstrapContext using constructor [public org.springframework.test.context.support.DefaultBootstrapContext(java.lang.Class,org.springframework.test.context.CacheAwareContextLoaderDelegate)]
17:04:58.204 [main] DEBUG org.springframework.test.context.BootstrapUtils - Instantiating TestContextBootstrapper for test class [com.example.SimblogApplicationTests] from class [org.springframework.boot.test.context.SpringBootTestContextBootstrapper]
17:04:58.210 [main] INFO org.springframework.boot.test.context.SpringBootTestContextBootstrapper - Neither @ContextConfiguration nor @ContextHierarchy found for test class [com.example.SimblogApplicationTests], using SpringBootContextLoader
17:04:58.213 [main] DEBUG org.springframework.test.context.support.AbstractContextLoader - Did not detect default resource location for test class [com.example.SimblogApplicationTests]: class path resource [com/example/SimblogApplicationTests-context.xml] does not exist
17:04:58.213 [main] DEBUG org.springframework.test.context.support.AbstractContextLoader - Did not detect default resource location for test class [com.example.SimblogApplicationTests]: class path resource [com/example/SimblogApplicationTestsContext.groovy] does not exist
17:04:58.213 [main] INFO org.springframework.test.context.support.AbstractContextLoader - Could not detect default resource locations for test class [com.example.SimblogApplicationTests]: no resource found for suffixes {-context.xml, Context.groovy}.
17:04:58.214 [main] INFO org.springframework.test.context.support.AnnotationConfigContextLoaderUtils - Could not detect default configuration classes for test class [com.example.SimblogApplicationTests]: SimblogApplicationTests does not declare any static, non-private, non-final, nested classes annotated with @Configuration.
17:04:58.267 [main] DEBUG org.springframework.context.annotation.ClassPathScanningCandidateComponentProvider - Identified candidate component class: file [D:\simblog\target\classes\com\example\SimblogApplication.class]
17:04:58.267 [main] INFO org.springframework.boot.test.context.SpringBootTestContextBootstrapper - Found @SpringBootConfiguration com.example.SimblogApplication for test class com.example.SimblogApplicationTests
17:04:58.313 [main] DEBUG org.springframework.boot.test.context.SpringBootTestContextBootstrapper - @TestExecutionListeners is not present for class [com.example.SimblogApplicationTests]: using defaults.
17:04:58.313 [main] INFO org.springframework.boot.test.context.SpringBootTestContextBootstrapper - Loaded default TestExecutionListener class names from location [META-INF/spring.factories]: [org.springframework.boot.test.mock.mockito.MockitoTestExecutionListener, org.springframework.boot.test.mock.mockito.ResetMocksTestExecutionListener, org.springframework.boot.test.autoconfigure.restdocs.RestDocsTestExecutionListener, org.springframework.boot.test.autoconfigure.web.client.MockRestServiceServerResetTestExecutionListener, org.springframework.boot.test.autoconfigure.web.servlet.MockMvcPrintOnlyOnFailureTestExecutionListener, org.springframework.boot.test.autoconfigure.web.servlet.WebDriverTestExecutionListener, org.springframework.boot.test.autoconfigure.webservices.client.MockWebServiceServerTestExecutionListener, org.springframework.test.context.web.ServletTestExecutionListener, org.springframework.test.context.support.DirtiesContextBeforeModesTestExecutionListener, org.springframework.test.context.event.ApplicationEventsTestExecutionListener, org.springframework.test.context.support.DependencyInjectionTestExecutionListener, org.springframework.test.context.support.DirtiesContextTestExecutionListener, org.springframework.test.context.transaction.TransactionalTestExecutionListener, org.springframework.test.context.jdbc.SqlScriptsTestExecutionListener, org.springframework.test.context.event.EventPublishingTestExecutionListener]
17:04:58.322 [main] INFO org.springframework.boot.test.context.SpringBootTestContextBootstrapper - Using TestExecutionListeners: [org.springframework.test.context.web.ServletTestExecutionListener@3419e23b, org.springframework.test.context.support.DirtiesContextBeforeModesTestExecutionListener@710d89e2, org.springframework.test.context.event.ApplicationEventsTestExecutionListener@1d75e7af, org.springframework.boot.test.mock.mockito.MockitoTestExecutionListener@4fc142ec, org.springframework.boot.test.autoconfigure.SpringBootDependencyInjectionTestExecutionListener@34b27915, org.springframework.test.context.support.DirtiesContextTestExecutionListener@29eda4f8, org.springframework.test.context.transaction.TransactionalTestExecutionListener@1b9776f5, org.springframework.test.context.jdbc.SqlScriptsTestExecutionListener@5e048149, org.springframework.test.context.event.EventPublishingTestExecutionListener@79d9214d, org.springframework.boot.test.mock.mockito.ResetMocksTestExecutionListener@3d5790ea, org.springframework.boot.test.autoconfigure.restdocs.RestDocsTestExecutionListener@1dd7796b, org.springframework.boot.test.autoconfigure.web.client.MockRestServiceServerResetTestExecutionListener@67a3bd51, org.springframework.boot.test.autoconfigure.web.servlet.MockMvcPrintOnlyOnFailureTestExecutionListener@57402ba1, org.springframework.boot.test.autoconfigure.web.servlet.WebDriverTestExecutionListener@56913163, org.springframework.boot.test.autoconfigure.webservices.client.MockWebServiceServerTestExecutionListener@702b06fb]
17:04:58.325 [main] DEBUG org.springframework.test.context.support.AbstractDirtiesContextTestExecutionListener - Before test class: context [DefaultTestContext@59d77850 testClass = SimblogApplicationTests, testInstance = [null], testMethod = [null], testException = [null], mergedContextConfiguration = [WebMergedContextConfiguration@53ed09e8 testClass = SimblogApplicationTests, locations = '{}', classes = '{class com.example.SimblogApplication}', contextInitializerClasses = '[]', activeProfiles = '{test}', propertySourceLocations = '{}', propertySourceProperties = '{org.springframework.boot.test.context.SpringBootTestContextBootstrapper=true}', contextCustomizers = set[org.springframework.boot.test.context.filter.ExcludeFilterContextCustomizer@4f82663e, org.springframework.boot.test.json.DuplicateJsonObjectContextCustomizerFactory$DuplicateJsonObjectContextCustomizer@6e0cff20, org.springframework.boot.test.mock.mockito.MockitoContextCustomizer@0, org.springframework.boot.test.web.client.TestRestTemplateContextCustomizer@610df783, org.springframework.boot.test.autoconfigure.actuate.metrics.MetricsExportContextCustomizerFactory$DisableMetricExportContextCustomizer@14f3c6fc, org.springframework.boot.test.autoconfigure.properties.PropertyMappingContextCustomizer@0, org.springframework.boot.test.autoconfigure.web.servlet.WebDriverContextCustomizerFactory$Customizer@344426bf, org.springframework.boot.test.context.SpringBootTestArgs@1, org.springframework.boot.test.context.SpringBootTestWebEnvironment@71623278], resourceBasePath = 'src/main/webapp', contextLoader = 'org.springframework.boot.test.context.SpringBootContextLoader', parent = [null]], attributes = map['org.springframework.test.context.web.ServletTestExecutionListener.activateListener' -> true]], class annotated with @DirtiesContext [false] with mode [null].

  .   ____          _            __ _ _
 /\\ / ___'_ __ _ _(_)_ __  __ _ \ \ \ \
( ( )\___ | '_ | '_| | '_ \/ _` | \ \ \ \
 \\/  ___)| |_)| | | | | || (_| |  ) ) ) )
  '  |____| .__|_| |_|_| |_\__, | / / / /
 =========|_|==============|___/=/_/_/_/
 :: Spring Boot ::                (v2.7.0)

2025-06-20 17:04:58.577  INFO 32548 --- [           main] com.example.SimblogApplicationTests      : Starting SimblogApplicationTests using Java 23.0.2 on DESKTOP-ERBEAQP with PID 32548 (started by benjamin in D:\simblog)
2025-06-20 17:04:58.577 DEBUG 32548 --- [           main] com.example.SimblogApplicationTests      : Running with Spring Boot v2.7.0, Spring v5.3.20
2025-06-20 17:04:58.577  INFO 32548 --- [           main] com.example.SimblogApplicationTests      : The following 1 profile is active: "test"
2025-06-20 17:04:58.602 DEBUG 32548 --- [           main] o.s.w.c.s.GenericWebApplicationContext   : Refreshing org.springframework.web.context.support.GenericWebApplicationContext@411a5965
2025-06-20 17:04:59.071  INFO 32548 --- [           main] .s.d.r.c.RepositoryConfigurationDelegate : Multiple Spring Data modules found, entering strict repository configuration mode!
2025-06-20 17:04:59.073  INFO 32548 --- [           main] .s.d.r.c.RepositoryConfigurationDelegate : Bootstrapping Spring Data Redis repositories in DEFAULT mode.
2025-06-20 17:04:59.102  INFO 32548 --- [           main] .s.d.r.c.RepositoryConfigurationDelegate : Finished Spring Data repository scanning in 10 ms. Found 0 Redis repository interfaces.
Logging initialized using 'class org.apache.ibatis.logging.stdout.StdOutImpl' adapter.
Registered plugin: 'com.baomidou.mybatisplus.extension.plugins.MybatisPlusInterceptor@134abd78'
Property 'mapperLocations' was not specified.
 _ _   |_  _ _|_. ___ _ |    _ 
| | |\/|_)(_| | |_\  |_)||_|_\ 
     /               |         
                        3.5.2 
2025-06-20 17:05:00.500 DEBUG 32548 --- [           main] s.w.s.m.m.a.RequestMappingHandlerAdapter : ControllerAdvice beans: 0 @ModelAttribute, 0 @InitBinder, 1 RequestBodyAdvice, 1 ResponseBodyAdvice
2025-06-20 17:05:00.527  INFO 32548 --- [           main] com.zaxxer.hikari.HikariDataSource       : HikariPool-1 - Starting...
2025-06-20 17:05:00.654  INFO 32548 --- [           main] com.zaxxer.hikari.HikariDataSource       : HikariPool-1 - Start completed.
2025-06-20 17:05:00.665  INFO 32548 --- [           main] o.s.b.a.h2.H2ConsoleAutoConfiguration    : H2 console available at '/h2-console'. Database available at 'jdbc:h2:mem:testdb'
2025-06-20 17:05:00.794 DEBUG 32548 --- [           main] s.w.s.m.m.a.RequestMappingHandlerMapping : 12 mappings in 'requestMappingHandlerMapping'
2025-06-20 17:05:00.862 DEBUG 32548 --- [           main] o.s.w.s.handler.SimpleUrlHandlerMapping  : Patterns [/webjars/**, /**] in 'resourceHandlerMapping'
2025-06-20 17:05:00.888 DEBUG 32548 --- [           main] .m.m.a.ExceptionHandlerExceptionResolver : ControllerAdvice beans: 0 @ExceptionHandler, 1 ResponseBodyAdvice
2025-06-20 17:05:01.178  WARN 32548 --- [           main] o.s.w.c.s.GenericWebApplicationContext   : Exception encountered during context initialization - cancelling refresh attempt: org.springframework.beans.factory.BeanCreationException: Error creating bean with name 'dataSourceScriptDatabaseInitializer' defined in class path resource [org/springframework/boot/autoconfigure/sql/init/DataSourceInitializationConfiguration.class]: Invocation of init method failed; nested exception is org.springframework.jdbc.datasource.init.ScriptStatementFailedException: Failed to execute SQL script statement #1 of URL [file:/D:/simblog/target/test-classes/data.sql]: CREATE TABLE IF NOT EXISTS `user` ( `id` BIGINT NOT NULL AUTO_INCREMENT COMMENT '用户ID', `username` VARCHAR(50) NOT NULL COMMENT '用户名', `password` VARCHAR(100) NOT NULL COMMENT '密码', `email` VARCHAR(100) COMMENT '邮箱', `nickname` VARCHAR(50) COMMENT '昵称', `avatar` VARCHAR(255) COMMENT '头像', `bio` TEXT COMMENT '个人简介', `create_time` DATETIME NOT NULL DEFAULT CURRENT_TIMESTAMP COMMENT '创建时间', `update_time` DATETIME NOT NULL DEFAULT CURRENT_TIMESTAMP ON UPDATE CURRENT_TIMESTAMP COMMENT '更新时间', `deleted` TINYINT NOT NULL DEFAULT 0 COMMENT '是否删除', PRIMARY KEY (`id`), UNIQUE KEY `uk_username` (`username`) ); nested exception is org.h2.jdbc.JdbcSQLSyntaxErrorException: Syntax error in SQL statement "CREATE TABLE IF NOT EXISTS `user` ( `id` BIGINT NOT NULL AUTO_INCREMENT COMMENT '用户ID', `username` VARCHAR(50) NOT NULL COMMENT '用户名', `password` VARCHAR(100) NOT NULL COMMENT '密码', `email` VARCHAR(100) COMMENT '邮箱', `nickname` VARCHAR(50) COMMENT '昵称', `avatar` VARCHAR(255) COMMENT '头像', `bio` TEXT COMMENT '个人简介', `create_time` DATETIME NOT NULL DEFAULT CURRENT_TIMESTAMP COMMENT '创建时间', `update_time` DATETIME NOT NULL DEFAULT CURRENT_TIMESTAMP ON UPDATE CURRENT_TIMESTAMP COMMENT '更新时间', `deleted` TINYINT NOT NULL DEFAULT 0 COMMENT '是否删除', PRIMARY KEY (`id`), UNIQUE [*]KEY `uk_username` (`username`) )"; expected "("; SQL statement:
CREATE TABLE IF NOT EXISTS `user` ( `id` BIGINT NOT NULL AUTO_INCREMENT COMMENT '用户ID', `username` VARCHAR(50) NOT NULL COMMENT '用户名', `password` VARCHAR(100) NOT NULL COMMENT '密码', `email` VARCHAR(100) COMMENT '邮箱', `nickname` VARCHAR(50) COMMENT '昵称', `avatar` VARCHAR(255) COMMENT '头像', `bio` TEXT COMMENT '个人简介', `create_time` DATETIME NOT NULL DEFAULT CURRENT_TIMESTAMP COMMENT '创建时间', `update_time` DATETIME NOT NULL DEFAULT CURRENT_TIMESTAMP ON UPDATE CURRENT_TIMESTAMP COMMENT '更新时间', `deleted` TINYINT NOT NULL DEFAULT 0 COMMENT '是否删除', PRIMARY KEY (`id`), UNIQUE KEY `uk_username` (`username`) ) [42001-212]
2025-06-20 17:05:01.191  INFO 32548 --- [           main] com.zaxxer.hikari.HikariDataSource       : HikariPool-1 - Shutdown initiated...
2025-06-20 17:05:01.192  INFO 32548 --- [           main] com.zaxxer.hikari.HikariDataSource       : HikariPool-1 - Shutdown completed.
2025-06-20 17:05:01.198  INFO 32548 --- [           main] ConditionEvaluationReportLoggingListener : 

Error starting ApplicationContext. To display the conditions report re-run your application with 'debug' enabled.
2025-06-20 17:05:01.212 ERROR 32548 --- [           main] o.s.boot.SpringApplication               : Application run failed

org.springframework.beans.factory.BeanCreationException: Error creating bean with name 'dataSourceScriptDatabaseInitializer' defined in class path resource [org/springframework/boot/autoconfigure/sql/init/DataSourceInitializationConfiguration.class]: Invocation of init method failed; nested exception is org.springframework.jdbc.datasource.init.ScriptStatementFailedException: Failed to execute SQL script statement #1 of URL [file:/D:/simblog/target/test-classes/data.sql]: CREATE TABLE IF NOT EXISTS `user` ( `id` BIGINT NOT NULL AUTO_INCREMENT COMMENT '用户ID', `username` VARCHAR(50) NOT NULL COMMENT '用户名', `password` VARCHAR(100) NOT NULL COMMENT '密码', `email` VARCHAR(100) COMMENT '邮箱', `nickname` VARCHAR(50) COMMENT '昵称', `avatar` VARCHAR(255) COMMENT '头像', `bio` TEXT COMMENT '个人简介', `create_time` DATETIME NOT NULL DEFAULT CURRENT_TIMESTAMP COMMENT '创建时间', `update_time` DATETIME NOT NULL DEFAULT CURRENT_TIMESTAMP ON UPDATE CURRENT_TIMESTAMP COMMENT '更新时间', `deleted` TINYINT NOT NULL DEFAULT 0 COMMENT '是否删除', PRIMARY KEY (`id`), UNIQUE KEY `uk_username` (`username`) ); nested exception is org.h2.jdbc.JdbcSQLSyntaxErrorException: Syntax error in SQL statement "CREATE TABLE IF NOT EXISTS `user` ( `id` BIGINT NOT NULL AUTO_INCREMENT COMMENT '用户ID', `username` VARCHAR(50) NOT NULL COMMENT '用户名', `password` VARCHAR(100) NOT NULL COMMENT '密码', `email` VARCHAR(100) COMMENT '邮箱', `nickname` VARCHAR(50) COMMENT '昵称', `avatar` VARCHAR(255) COMMENT '头像', `bio` TEXT COMMENT '个人简介', `create_time` DATETIME NOT NULL DEFAULT CURRENT_TIMESTAMP COMMENT '创建时间', `update_time` DATETIME NOT NULL DEFAULT CURRENT_TIMESTAMP ON UPDATE CURRENT_TIMESTAMP COMMENT '更新时间', `deleted` TINYINT NOT NULL DEFAULT 0 COMMENT '是否删除', PRIMARY KEY (`id`), UNIQUE [*]KEY `uk_username` (`username`) )"; expected "("; SQL statement:
CREATE TABLE IF NOT EXISTS `user` ( `id` BIGINT NOT NULL AUTO_INCREMENT COMMENT '用户ID', `username` VARCHAR(50) NOT NULL COMMENT '用户名', `password` VARCHAR(100) NOT NULL COMMENT '密码', `email` VARCHAR(100) COMMENT '邮箱', `nickname` VARCHAR(50) COMMENT '昵称', `avatar` VARCHAR(255) COMMENT '头像', `bio` TEXT COMMENT '个人简介', `create_time` DATETIME NOT NULL DEFAULT CURRENT_TIMESTAMP COMMENT '创建时间', `update_time` DATETIME NOT NULL DEFAULT CURRENT_TIMESTAMP ON UPDATE CURRENT_TIMESTAMP COMMENT '更新时间', `deleted` TINYINT NOT NULL DEFAULT 0 COMMENT '是否删除', PRIMARY KEY (`id`), UNIQUE KEY `uk_username` (`username`) ) [42001-212]
	at org.springframework.beans.factory.support.AbstractAutowireCapableBeanFactory.initializeBean(AbstractAutowireCapableBeanFactory.java:1804) ~[spring-beans-5.3.20.jar:5.3.20]
	at org.springframework.beans.factory.support.AbstractAutowireCapableBeanFactory.doCreateBean(AbstractAutowireCapableBeanFactory.java:620) ~[spring-beans-5.3.20.jar:5.3.20]
	at org.springframework.beans.factory.support.AbstractAutowireCapableBeanFactory.createBean(AbstractAutowireCapableBeanFactory.java:542) ~[spring-beans-5.3.20.jar:5.3.20]
	at org.springframework.beans.factory.support.AbstractBeanFactory.lambda$doGetBean$0(AbstractBeanFactory.java:335) ~[spring-beans-5.3.20.jar:5.3.20]
	at org.springframework.beans.factory.support.DefaultSingletonBeanRegistry.getSingleton(DefaultSingletonBeanRegistry.java:234) ~[spring-beans-5.3.20.jar:5.3.20]
	at org.springframework.beans.factory.support.AbstractBeanFactory.doGetBean(AbstractBeanFactory.java:333) ~[spring-beans-5.3.20.jar:5.3.20]
	at org.springframework.beans.factory.support.AbstractBeanFactory.getBean(AbstractBeanFactory.java:208) ~[spring-beans-5.3.20.jar:5.3.20]
	at org.springframework.beans.factory.support.AbstractBeanFactory.doGetBean(AbstractBeanFactory.java:322) ~[spring-beans-5.3.20.jar:5.3.20]
	at org.springframework.beans.factory.support.AbstractBeanFactory.getBean(AbstractBeanFactory.java:208) ~[spring-beans-5.3.20.jar:5.3.20]
	at org.springframework.beans.factory.support.DefaultListableBeanFactory.preInstantiateSingletons(DefaultListableBeanFactory.java:953) ~[spring-beans-5.3.20.jar:5.3.20]
	at org.springframework.context.support.AbstractApplicationContext.finishBeanFactoryInitialization(AbstractApplicationContext.java:918) ~[spring-context-5.3.20.jar:5.3.20]
	at org.springframework.context.support.AbstractApplicationContext.refresh(AbstractApplicationContext.java:583) ~[spring-context-5.3.20.jar:5.3.20]
	at org.springframework.boot.SpringApplication.refresh(SpringApplication.java:734) ~[spring-boot-2.7.0.jar:2.7.0]
	at org.springframework.boot.SpringApplication.refreshContext(SpringApplication.java:408) ~[spring-boot-2.7.0.jar:2.7.0]
	at org.springframework.boot.SpringApplication.run(SpringApplication.java:308) ~[spring-boot-2.7.0.jar:2.7.0]
	at org.springframework.boot.test.context.SpringBootContextLoader.loadContext(SpringBootContextLoader.java:132) ~[spring-boot-test-2.7.0.jar:2.7.0]
	at org.springframework.test.context.cache.DefaultCacheAwareContextLoaderDelegate.loadContextInternal(DefaultCacheAwareContextLoaderDelegate.java:99) ~[spring-test-5.3.20.jar:5.3.20]
	at org.springframework.test.context.cache.DefaultCacheAwareContextLoaderDelegate.loadContext(DefaultCacheAwareContextLoaderDelegate.java:124) ~[spring-test-5.3.20.jar:5.3.20]
	at org.springframework.test.context.support.DefaultTestContext.getApplicationContext(DefaultTestContext.java:124) ~[spring-test-5.3.20.jar:5.3.20]
	at org.springframework.test.context.web.ServletTestExecutionListener.setUpRequestContextIfNecessary(ServletTestExecutionListener.java:190) ~[spring-test-5.3.20.jar:5.3.20]
	at org.springframework.test.context.web.ServletTestExecutionListener.prepareTestInstance(ServletTestExecutionListener.java:132) ~[spring-test-5.3.20.jar:5.3.20]
	at org.springframework.test.context.TestContextManager.prepareTestInstance(TestContextManager.java:248) ~[spring-test-5.3.20.jar:5.3.20]
	at org.springframework.test.context.junit.jupiter.SpringExtension.postProcessTestInstance(SpringExtension.java:138) ~[spring-test-5.3.20.jar:5.3.20]
	at org.junit.jupiter.engine.descriptor.ClassBasedTestDescriptor.lambda$invokeTestInstancePostProcessors$8(ClassBasedTestDescriptor.java:363) ~[junit-jupiter-engine-5.8.2.jar:5.8.2]
	at org.junit.jupiter.engine.descriptor.ClassBasedTestDescriptor.executeAndMaskThrowable(ClassBasedTestDescriptor.java:368) ~[junit-jupiter-engine-5.8.2.jar:5.8.2]
	at org.junit.jupiter.engine.descriptor.ClassBasedTestDescriptor.lambda$invokeTestInstancePostProcessors$9(ClassBasedTestDescriptor.java:363) ~[junit-jupiter-engine-5.8.2.jar:5.8.2]
	at java.base/java.util.stream.ReferencePipeline$3$1.accept(ReferencePipeline.java:215) ~[na:na]
	at java.base/java.util.stream.ReferencePipeline$2$1.accept(ReferencePipeline.java:197) ~[na:na]
	at java.base/java.util.ArrayList$ArrayListSpliterator.forEachRemaining(ArrayList.java:1709) ~[na:na]
	at java.base/java.util.stream.AbstractPipeline.copyInto(AbstractPipeline.java:570) ~[na:na]
	at java.base/java.util.stream.AbstractPipeline.wrapAndCopyInto(AbstractPipeline.java:560) ~[na:na]
	at java.base/java.util.stream.StreamSpliterators$WrappingSpliterator.forEachRemaining(StreamSpliterators.java:315) ~[na:na]
	at java.base/java.util.stream.Streams$ConcatSpliterator.forEachRemaining(Streams.java:735) ~[na:na]
	at java.base/java.util.stream.Streams$ConcatSpliterator.forEachRemaining(Streams.java:734) ~[na:na]
	at java.base/java.util.stream.ReferencePipeline$Head.forEach(ReferencePipeline.java:807) ~[na:na]
	at org.junit.jupiter.engine.descriptor.ClassBasedTestDescriptor.invokeTestInstancePostProcessors(ClassBasedTestDescriptor.java:362) ~[junit-jupiter-engine-5.8.2.jar:5.8.2]
	at org.junit.jupiter.engine.descriptor.ClassBasedTestDescriptor.lambda$instantiateAndPostProcessTestInstance$6(ClassBasedTestDescriptor.java:283) ~[junit-jupiter-engine-5.8.2.jar:5.8.2]
	at org.junit.platform.engine.support.hierarchical.ThrowableCollector.execute(ThrowableCollector.java:73) ~[junit-platform-engine-1.8.2.jar:1.8.2]
	at org.junit.jupiter.engine.descriptor.ClassBasedTestDescriptor.instantiateAndPostProcessTestInstance(ClassBasedTestDescriptor.java:282) ~[junit-jupiter-engine-5.8.2.jar:5.8.2]
	at org.junit.jupiter.engine.descriptor.ClassBasedTestDescriptor.lambda$testInstancesProvider$4(ClassBasedTestDescriptor.java:272) ~[junit-jupiter-engine-5.8.2.jar:5.8.2]
	at java.base/java.util.Optional.orElseGet(Optional.java:364) ~[na:na]
	at org.junit.jupiter.engine.descriptor.ClassBasedTestDescriptor.lambda$testInstancesProvider$5(ClassBasedTestDescriptor.java:271) ~[junit-jupiter-engine-5.8.2.jar:5.8.2]
	at org.junit.jupiter.engine.execution.TestInstancesProvider.getTestInstances(TestInstancesProvider.java:31) ~[junit-jupiter-engine-5.8.2.jar:5.8.2]
	at org.junit.jupiter.engine.descriptor.TestMethodTestDescriptor.lambda$prepare$0(TestMethodTestDescriptor.java:102) ~[junit-jupiter-engine-5.8.2.jar:5.8.2]
	at org.junit.platform.engine.support.hierarchical.ThrowableCollector.execute(ThrowableCollector.java:73) ~[junit-platform-engine-1.8.2.jar:1.8.2]
	at org.junit.jupiter.engine.descriptor.TestMethodTestDescriptor.prepare(TestMethodTestDescriptor.java:101) ~[junit-jupiter-engine-5.8.2.jar:5.8.2]
	at org.junit.jupiter.engine.descriptor.TestMethodTestDescriptor.prepare(TestMethodTestDescriptor.java:66) ~[junit-jupiter-engine-5.8.2.jar:5.8.2]
	at org.junit.platform.engine.support.hierarchical.NodeTestTask.lambda$prepare$2(NodeTestTask.java:123) ~[junit-platform-engine-1.8.2.jar:1.8.2]
	at org.junit.platform.engine.support.hierarchical.ThrowableCollector.execute(ThrowableCollector.java:73) ~[junit-platform-engine-1.8.2.jar:1.8.2]
	at org.junit.platform.engine.support.hierarchical.NodeTestTask.prepare(NodeTestTask.java:123) ~[junit-platform-engine-1.8.2.jar:1.8.2]
	at org.junit.platform.engine.support.hierarchical.NodeTestTask.execute(NodeTestTask.java:90) ~[junit-platform-engine-1.8.2.jar:1.8.2]
	at java.base/java.util.ArrayList.forEach(ArrayList.java:1597) ~[na:na]
	at org.junit.platform.engine.support.hierarchical.SameThreadHierarchicalTestExecutorService.invokeAll(SameThreadHierarchicalTestExecutorService.java:41) ~[junit-platform-engine-1.8.2.jar:1.8.2]
	at org.junit.platform.engine.support.hierarchical.NodeTestTask.lambda$executeRecursively$6(NodeTestTask.java:155) ~[junit-platform-engine-1.8.2.jar:1.8.2]
	at org.junit.platform.engine.support.hierarchical.ThrowableCollector.execute(ThrowableCollector.java:73) ~[junit-platform-engine-1.8.2.jar:1.8.2]
	at org.junit.platform.engine.support.hierarchical.NodeTestTask.lambda$executeRecursively$8(NodeTestTask.java:141) ~[junit-platform-engine-1.8.2.jar:1.8.2]
	at org.junit.platform.engine.support.hierarchical.Node.around(Node.java:137) ~[junit-platform-engine-1.8.2.jar:1.8.2]
	at org.junit.platform.engine.support.hierarchical.NodeTestTask.lambda$executeRecursively$9(NodeTestTask.java:139) ~[junit-platform-engine-1.8.2.jar:1.8.2]
	at org.junit.platform.engine.support.hierarchical.ThrowableCollector.execute(ThrowableCollector.java:73) ~[junit-platform-engine-1.8.2.jar:1.8.2]
	at org.junit.platform.engine.support.hierarchical.NodeTestTask.executeRecursively(NodeTestTask.java:138) ~[junit-platform-engine-1.8.2.jar:1.8.2]
	at org.junit.platform.engine.support.hierarchical.NodeTestTask.execute(NodeTestTask.java:95) ~[junit-platform-engine-1.8.2.jar:1.8.2]
	at java.base/java.util.ArrayList.forEach(ArrayList.java:1597) ~[na:na]
	at org.junit.platform.engine.support.hierarchical.SameThreadHierarchicalTestExecutorService.invokeAll(SameThreadHierarchicalTestExecutorService.java:41) ~[junit-platform-engine-1.8.2.jar:1.8.2]
	at org.junit.platform.engine.support.hierarchical.NodeTestTask.lambda$executeRecursively$6(NodeTestTask.java:155) ~[junit-platform-engine-1.8.2.jar:1.8.2]
	at org.junit.platform.engine.support.hierarchical.ThrowableCollector.execute(ThrowableCollector.java:73) ~[junit-platform-engine-1.8.2.jar:1.8.2]
	at org.junit.platform.engine.support.hierarchical.NodeTestTask.lambda$executeRecursively$8(NodeTestTask.java:141) ~[junit-platform-engine-1.8.2.jar:1.8.2]
	at org.junit.platform.engine.support.hierarchical.Node.around(Node.java:137) ~[junit-platform-engine-1.8.2.jar:1.8.2]
	at org.junit.platform.engine.support.hierarchical.NodeTestTask.lambda$executeRecursively$9(NodeTestTask.java:139) ~[junit-platform-engine-1.8.2.jar:1.8.2]
	at org.junit.platform.engine.support.hierarchical.ThrowableCollector.execute(ThrowableCollector.java:73) ~[junit-platform-engine-1.8.2.jar:1.8.2]
	at org.junit.platform.engine.support.hierarchical.NodeTestTask.executeRecursively(NodeTestTask.java:138) ~[junit-platform-engine-1.8.2.jar:1.8.2]
	at org.junit.platform.engine.support.hierarchical.NodeTestTask.execute(NodeTestTask.java:95) ~[junit-platform-engine-1.8.2.jar:1.8.2]
	at org.junit.platform.engine.support.hierarchical.SameThreadHierarchicalTestExecutorService.submit(SameThreadHierarchicalTestExecutorService.java:35) ~[junit-platform-engine-1.8.2.jar:1.8.2]
	at org.junit.platform.engine.support.hierarchical.HierarchicalTestExecutor.execute(HierarchicalTestExecutor.java:57) ~[junit-platform-engine-1.8.2.jar:1.8.2]
	at org.junit.platform.engine.support.hierarchical.HierarchicalTestEngine.execute(HierarchicalTestEngine.java:54) ~[junit-platform-engine-1.8.2.jar:1.8.2]
	at org.junit.platform.launcher.core.DefaultLauncher.execute(DefaultLauncher.java:220) ~[junit-platform-launcher-1.3.1.jar:1.3.1]
	at org.junit.platform.launcher.core.DefaultLauncher.lambda$execute$6(DefaultLauncher.java:188) ~[junit-platform-launcher-1.3.1.jar:1.3.1]
	at org.junit.platform.launcher.core.DefaultLauncher.withInterceptedStreams(DefaultLauncher.java:202) ~[junit-platform-launcher-1.3.1.jar:1.3.1]
	at org.junit.platform.launcher.core.DefaultLauncher.execute(DefaultLauncher.java:181) ~[junit-platform-launcher-1.3.1.jar:1.3.1]
	at org.junit.platform.launcher.core.DefaultLauncher.execute(DefaultLauncher.java:128) ~[junit-platform-launcher-1.3.1.jar:1.3.1]
	at org.apache.maven.surefire.junitplatform.JUnitPlatformProvider.invokeAllTests(JUnitPlatformProvider.java:150) ~[surefire-junit-platform-2.22.2.jar:2.22.2]
	at org.apache.maven.surefire.junitplatform.JUnitPlatformProvider.invoke(JUnitPlatformProvider.java:124) ~[surefire-junit-platform-2.22.2.jar:2.22.2]
	at org.apache.maven.surefire.booter.ForkedBooter.invokeProviderInSameClassLoader(ForkedBooter.java:384) ~[surefire-booter-2.22.2.jar:2.22.2]
	at org.apache.maven.surefire.booter.ForkedBooter.runSuitesInProcess(ForkedBooter.java:345) ~[surefire-booter-2.22.2.jar:2.22.2]
	at org.apache.maven.surefire.booter.ForkedBooter.execute(ForkedBooter.java:126) ~[surefire-booter-2.22.2.jar:2.22.2]
	at org.apache.maven.surefire.booter.ForkedBooter.main(ForkedBooter.java:418) ~[surefire-booter-2.22.2.jar:2.22.2]
Caused by: org.springframework.jdbc.datasource.init.ScriptStatementFailedException: Failed to execute SQL script statement #1 of URL [file:/D:/simblog/target/test-classes/data.sql]: CREATE TABLE IF NOT EXISTS `user` ( `id` BIGINT NOT NULL AUTO_INCREMENT COMMENT '用户ID', `username` VARCHAR(50) NOT NULL COMMENT '用户名', `password` VARCHAR(100) NOT NULL COMMENT '密码', `email` VARCHAR(100) COMMENT '邮箱', `nickname` VARCHAR(50) COMMENT '昵称', `avatar` VARCHAR(255) COMMENT '头像', `bio` TEXT COMMENT '个人简介', `create_time` DATETIME NOT NULL DEFAULT CURRENT_TIMESTAMP COMMENT '创建时间', `update_time` DATETIME NOT NULL DEFAULT CURRENT_TIMESTAMP ON UPDATE CURRENT_TIMESTAMP COMMENT '更新时间', `deleted` TINYINT NOT NULL DEFAULT 0 COMMENT '是否删除', PRIMARY KEY (`id`), UNIQUE KEY `uk_username` (`username`) ); nested exception is org.h2.jdbc.JdbcSQLSyntaxErrorException: Syntax error in SQL statement "CREATE TABLE IF NOT EXISTS `user` ( `id` BIGINT NOT NULL AUTO_INCREMENT COMMENT '用户ID', `username` VARCHAR(50) NOT NULL COMMENT '用户名', `password` VARCHAR(100) NOT NULL COMMENT '密码', `email` VARCHAR(100) COMMENT '邮箱', `nickname` VARCHAR(50) COMMENT '昵称', `avatar` VARCHAR(255) COMMENT '头像', `bio` TEXT COMMENT '个人简介', `create_time` DATETIME NOT NULL DEFAULT CURRENT_TIMESTAMP COMMENT '创建时间', `update_time` DATETIME NOT NULL DEFAULT CURRENT_TIMESTAMP ON UPDATE CURRENT_TIMESTAMP COMMENT '更新时间', `deleted` TINYINT NOT NULL DEFAULT 0 COMMENT '是否删除', PRIMARY KEY (`id`), UNIQUE [*]KEY `uk_username` (`username`) )"; expected "("; SQL statement:
CREATE TABLE IF NOT EXISTS `user` ( `id` BIGINT NOT NULL AUTO_INCREMENT COMMENT '用户ID', `username` VARCHAR(50) NOT NULL COMMENT '用户名', `password` VARCHAR(100) NOT NULL COMMENT '密码', `email` VARCHAR(100) COMMENT '邮箱', `nickname` VARCHAR(50) COMMENT '昵称', `avatar` VARCHAR(255) COMMENT '头像', `bio` TEXT COMMENT '个人简介', `create_time` DATETIME NOT NULL DEFAULT CURRENT_TIMESTAMP COMMENT '创建时间', `update_time` DATETIME NOT NULL DEFAULT CURRENT_TIMESTAMP ON UPDATE CURRENT_TIMESTAMP COMMENT '更新时间', `deleted` TINYINT NOT NULL DEFAULT 0 COMMENT '是否删除', PRIMARY KEY (`id`), UNIQUE KEY `uk_username` (`username`) ) [42001-212]
	at org.springframework.jdbc.datasource.init.ScriptUtils.executeSqlScript(ScriptUtils.java:282) ~[spring-jdbc-5.3.20.jar:5.3.20]
	at org.springframework.jdbc.datasource.init.ResourceDatabasePopulator.populate(ResourceDatabasePopulator.java:254) ~[spring-jdbc-5.3.20.jar:5.3.20]
	at org.springframework.jdbc.datasource.init.DatabasePopulatorUtils.execute(DatabasePopulatorUtils.java:54) ~[spring-jdbc-5.3.20.jar:5.3.20]
	at org.springframework.boot.jdbc.init.DataSourceScriptDatabaseInitializer.runScripts(DataSourceScriptDatabaseInitializer.java:90) ~[spring-boot-2.7.0.jar:2.7.0]
	at org.springframework.boot.sql.init.AbstractScriptDatabaseInitializer.runScripts(AbstractScriptDatabaseInitializer.java:145) ~[spring-boot-2.7.0.jar:2.7.0]
	at org.springframework.boot.sql.init.AbstractScriptDatabaseInitializer.applyScripts(AbstractScriptDatabaseInitializer.java:107) ~[spring-boot-2.7.0.jar:2.7.0]
	at org.springframework.boot.sql.init.AbstractScriptDatabaseInitializer.applyDataScripts(AbstractScriptDatabaseInitializer.java:101) ~[spring-boot-2.7.0.jar:2.7.0]
	at org.springframework.boot.sql.init.AbstractScriptDatabaseInitializer.initializeDatabase(AbstractScriptDatabaseInitializer.java:76) ~[spring-boot-2.7.0.jar:2.7.0]
	at org.springframework.boot.sql.init.AbstractScriptDatabaseInitializer.afterPropertiesSet(AbstractScriptDatabaseInitializer.java:65) ~[spring-boot-2.7.0.jar:2.7.0]
	at org.springframework.beans.factory.support.AbstractAutowireCapableBeanFactory.invokeInitMethods(AbstractAutowireCapableBeanFactory.java:1863) ~[spring-beans-5.3.20.jar:5.3.20]
	at org.springframework.beans.factory.support.AbstractAutowireCapableBeanFactory.initializeBean(AbstractAutowireCapableBeanFactory.java:1800) ~[spring-beans-5.3.20.jar:5.3.20]
	... 84 common frames omitted
Caused by: org.h2.jdbc.JdbcSQLSyntaxErrorException: Syntax error in SQL statement "CREATE TABLE IF NOT EXISTS `user` ( `id` BIGINT NOT NULL AUTO_INCREMENT COMMENT '用户ID', `username` VARCHAR(50) NOT NULL COMMENT '用户名', `password` VARCHAR(100) NOT NULL COMMENT '密码', `email` VARCHAR(100) COMMENT '邮箱', `nickname` VARCHAR(50) COMMENT '昵称', `avatar` VARCHAR(255) COMMENT '头像', `bio` TEXT COMMENT '个人简介', `create_time` DATETIME NOT NULL DEFAULT CURRENT_TIMESTAMP COMMENT '创建时间', `update_time` DATETIME NOT NULL DEFAULT CURRENT_TIMESTAMP ON UPDATE CURRENT_TIMESTAMP COMMENT '更新时间', `deleted` TINYINT NOT NULL DEFAULT 0 COMMENT '是否删除', PRIMARY KEY (`id`), UNIQUE [*]KEY `uk_username` (`username`) )"; expected "("; SQL statement:
CREATE TABLE IF NOT EXISTS `user` ( `id` BIGINT NOT NULL AUTO_INCREMENT COMMENT '用户ID', `username` VARCHAR(50) NOT NULL COMMENT '用户名', `password` VARCHAR(100) NOT NULL COMMENT '密码', `email` VARCHAR(100) COMMENT '邮箱', `nickname` VARCHAR(50) COMMENT '昵称', `avatar` VARCHAR(255) COMMENT '头像', `bio` TEXT COMMENT '个人简介', `create_time` DATETIME NOT NULL DEFAULT CURRENT_TIMESTAMP COMMENT '创建时间', `update_time` DATETIME NOT NULL DEFAULT CURRENT_TIMESTAMP ON UPDATE CURRENT_TIMESTAMP COMMENT '更新时间', `deleted` TINYINT NOT NULL DEFAULT 0 COMMENT '是否删除', PRIMARY KEY (`id`), UNIQUE KEY `uk_username` (`username`) ) [42001-212]
	at org.h2.message.DbException.getJdbcSQLException(DbException.java:502) ~[h2-2.1.212.jar:2.1.212]
	at org.h2.message.DbException.getJdbcSQLException(DbException.java:477) ~[h2-2.1.212.jar:2.1.212]
	at org.h2.message.DbException.getSyntaxError(DbException.java:261) ~[h2-2.1.212.jar:2.1.212]
	at org.h2.command.Parser.getSyntaxError(Parser.java:907) ~[h2-2.1.212.jar:2.1.212]
	at org.h2.command.Parser.read(Parser.java:5743) ~[h2-2.1.212.jar:2.1.212]
	at org.h2.command.Parser.parseTableConstraintIf(Parser.java:9075) ~[h2-2.1.212.jar:2.1.212]
	at org.h2.command.Parser.parseTableColumnDefinition(Parser.java:9318) ~[h2-2.1.212.jar:2.1.212]
	at org.h2.command.Parser.parseCreateTable(Parser.java:9266) ~[h2-2.1.212.jar:2.1.212]
	at org.h2.command.Parser.parseCreate(Parser.java:6745) ~[h2-2.1.212.jar:2.1.212]
	at org.h2.command.Parser.parsePrepared(Parser.java:763) ~[h2-2.1.212.jar:2.1.212]
	at org.h2.command.Parser.parse(Parser.java:691) ~[h2-2.1.212.jar:2.1.212]
	at org.h2.command.Parser.parse(Parser.java:666) ~[h2-2.1.212.jar:2.1.212]
	at org.h2.command.Parser.prepareCommand(Parser.java:568) ~[h2-2.1.212.jar:2.1.212]
	at org.h2.engine.SessionLocal.prepareLocal(SessionLocal.java:631) ~[h2-2.1.212.jar:2.1.212]
	at org.h2.engine.SessionLocal.prepareCommand(SessionLocal.java:554) ~[h2-2.1.212.jar:2.1.212]
	at org.h2.jdbc.JdbcConnection.prepareCommand(JdbcConnection.java:1116) ~[h2-2.1.212.jar:2.1.212]
	at org.h2.jdbc.JdbcStatement.executeInternal(JdbcStatement.java:237) ~[h2-2.1.212.jar:2.1.212]
	at org.h2.jdbc.JdbcStatement.execute(JdbcStatement.java:223) ~[h2-2.1.212.jar:2.1.212]
	at com.zaxxer.hikari.pool.ProxyStatement.execute(ProxyStatement.java:94) ~[HikariCP-4.0.3.jar:na]
	at com.zaxxer.hikari.pool.HikariProxyStatement.execute(HikariProxyStatement.java) ~[HikariCP-4.0.3.jar:na]
	at org.springframework.jdbc.datasource.init.ScriptUtils.executeSqlScript(ScriptUtils.java:261) ~[spring-jdbc-5.3.20.jar:5.3.20]
	... 94 common frames omitted

2025-06-20 17:05:01.216 ERROR 32548 --- [           main] o.s.test.context.TestContextManager      : Caught exception while allowing TestExecutionListener [org.springframework.test.context.web.ServletTestExecutionListener@3419e23b] to prepare test instance [com.example.SimblogApplicationTests@33214124]

java.lang.IllegalStateException: Failed to load ApplicationContext
	at org.springframework.test.context.cache.DefaultCacheAwareContextLoaderDelegate.loadContext(DefaultCacheAwareContextLoaderDelegate.java:132) ~[spring-test-5.3.20.jar:5.3.20]
	at org.springframework.test.context.support.DefaultTestContext.getApplicationContext(DefaultTestContext.java:124) ~[spring-test-5.3.20.jar:5.3.20]
	at org.springframework.test.context.web.ServletTestExecutionListener.setUpRequestContextIfNecessary(ServletTestExecutionListener.java:190) ~[spring-test-5.3.20.jar:5.3.20]
	at org.springframework.test.context.web.ServletTestExecutionListener.prepareTestInstance(ServletTestExecutionListener.java:132) ~[spring-test-5.3.20.jar:5.3.20]
	at org.springframework.test.context.TestContextManager.prepareTestInstance(TestContextManager.java:248) ~[spring-test-5.3.20.jar:5.3.20]
	at org.springframework.test.context.junit.jupiter.SpringExtension.postProcessTestInstance(SpringExtension.java:138) ~[spring-test-5.3.20.jar:5.3.20]
	at org.junit.jupiter.engine.descriptor.ClassBasedTestDescriptor.lambda$invokeTestInstancePostProcessors$8(ClassBasedTestDescriptor.java:363) ~[junit-jupiter-engine-5.8.2.jar:5.8.2]
	at org.junit.jupiter.engine.descriptor.ClassBasedTestDescriptor.executeAndMaskThrowable(ClassBasedTestDescriptor.java:368) ~[junit-jupiter-engine-5.8.2.jar:5.8.2]
	at org.junit.jupiter.engine.descriptor.ClassBasedTestDescriptor.lambda$invokeTestInstancePostProcessors$9(ClassBasedTestDescriptor.java:363) ~[junit-jupiter-engine-5.8.2.jar:5.8.2]
	at java.base/java.util.stream.ReferencePipeline$3$1.accept(ReferencePipeline.java:215) ~[na:na]
	at java.base/java.util.stream.ReferencePipeline$2$1.accept(ReferencePipeline.java:197) ~[na:na]
	at java.base/java.util.ArrayList$ArrayListSpliterator.forEachRemaining(ArrayList.java:1709) ~[na:na]
	at java.base/java.util.stream.AbstractPipeline.copyInto(AbstractPipeline.java:570) ~[na:na]
	at java.base/java.util.stream.AbstractPipeline.wrapAndCopyInto(AbstractPipeline.java:560) ~[na:na]
	at java.base/java.util.stream.StreamSpliterators$WrappingSpliterator.forEachRemaining(StreamSpliterators.java:315) ~[na:na]
	at java.base/java.util.stream.Streams$ConcatSpliterator.forEachRemaining(Streams.java:735) ~[na:na]
	at java.base/java.util.stream.Streams$ConcatSpliterator.forEachRemaining(Streams.java:734) ~[na:na]
	at java.base/java.util.stream.ReferencePipeline$Head.forEach(ReferencePipeline.java:807) ~[na:na]
	at org.junit.jupiter.engine.descriptor.ClassBasedTestDescriptor.invokeTestInstancePostProcessors(ClassBasedTestDescriptor.java:362) ~[junit-jupiter-engine-5.8.2.jar:5.8.2]
	at org.junit.jupiter.engine.descriptor.ClassBasedTestDescriptor.lambda$instantiateAndPostProcessTestInstance$6(ClassBasedTestDescriptor.java:283) ~[junit-jupiter-engine-5.8.2.jar:5.8.2]
	at org.junit.platform.engine.support.hierarchical.ThrowableCollector.execute(ThrowableCollector.java:73) ~[junit-platform-engine-1.8.2.jar:1.8.2]
	at org.junit.jupiter.engine.descriptor.ClassBasedTestDescriptor.instantiateAndPostProcessTestInstance(ClassBasedTestDescriptor.java:282) ~[junit-jupiter-engine-5.8.2.jar:5.8.2]
	at org.junit.jupiter.engine.descriptor.ClassBasedTestDescriptor.lambda$testInstancesProvider$4(ClassBasedTestDescriptor.java:272) ~[junit-jupiter-engine-5.8.2.jar:5.8.2]
	at java.base/java.util.Optional.orElseGet(Optional.java:364) ~[na:na]
	at org.junit.jupiter.engine.descriptor.ClassBasedTestDescriptor.lambda$testInstancesProvider$5(ClassBasedTestDescriptor.java:271) ~[junit-jupiter-engine-5.8.2.jar:5.8.2]
	at org.junit.jupiter.engine.execution.TestInstancesProvider.getTestInstances(TestInstancesProvider.java:31) ~[junit-jupiter-engine-5.8.2.jar:5.8.2]
	at org.junit.jupiter.engine.descriptor.TestMethodTestDescriptor.lambda$prepare$0(TestMethodTestDescriptor.java:102) ~[junit-jupiter-engine-5.8.2.jar:5.8.2]
	at org.junit.platform.engine.support.hierarchical.ThrowableCollector.execute(ThrowableCollector.java:73) ~[junit-platform-engine-1.8.2.jar:1.8.2]
	at org.junit.jupiter.engine.descriptor.TestMethodTestDescriptor.prepare(TestMethodTestDescriptor.java:101) ~[junit-jupiter-engine-5.8.2.jar:5.8.2]
	at org.junit.jupiter.engine.descriptor.TestMethodTestDescriptor.prepare(TestMethodTestDescriptor.java:66) ~[junit-jupiter-engine-5.8.2.jar:5.8.2]
	at org.junit.platform.engine.support.hierarchical.NodeTestTask.lambda$prepare$2(NodeTestTask.java:123) ~[junit-platform-engine-1.8.2.jar:1.8.2]
	at org.junit.platform.engine.support.hierarchical.ThrowableCollector.execute(ThrowableCollector.java:73) ~[junit-platform-engine-1.8.2.jar:1.8.2]
	at org.junit.platform.engine.support.hierarchical.NodeTestTask.prepare(NodeTestTask.java:123) ~[junit-platform-engine-1.8.2.jar:1.8.2]
	at org.junit.platform.engine.support.hierarchical.NodeTestTask.execute(NodeTestTask.java:90) ~[junit-platform-engine-1.8.2.jar:1.8.2]
	at java.base/java.util.ArrayList.forEach(ArrayList.java:1597) ~[na:na]
	at org.junit.platform.engine.support.hierarchical.SameThreadHierarchicalTestExecutorService.invokeAll(SameThreadHierarchicalTestExecutorService.java:41) ~[junit-platform-engine-1.8.2.jar:1.8.2]
	at org.junit.platform.engine.support.hierarchical.NodeTestTask.lambda$executeRecursively$6(NodeTestTask.java:155) ~[junit-platform-engine-1.8.2.jar:1.8.2]
	at org.junit.platform.engine.support.hierarchical.ThrowableCollector.execute(ThrowableCollector.java:73) ~[junit-platform-engine-1.8.2.jar:1.8.2]
	at org.junit.platform.engine.support.hierarchical.NodeTestTask.lambda$executeRecursively$8(NodeTestTask.java:141) ~[junit-platform-engine-1.8.2.jar:1.8.2]
	at org.junit.platform.engine.support.hierarchical.Node.around(Node.java:137) ~[junit-platform-engine-1.8.2.jar:1.8.2]
	at org.junit.platform.engine.support.hierarchical.NodeTestTask.lambda$executeRecursively$9(NodeTestTask.java:139) ~[junit-platform-engine-1.8.2.jar:1.8.2]
	at org.junit.platform.engine.support.hierarchical.ThrowableCollector.execute(ThrowableCollector.java:73) ~[junit-platform-engine-1.8.2.jar:1.8.2]
	at org.junit.platform.engine.support.hierarchical.NodeTestTask.executeRecursively(NodeTestTask.java:138) ~[junit-platform-engine-1.8.2.jar:1.8.2]
	at org.junit.platform.engine.support.hierarchical.NodeTestTask.execute(NodeTestTask.java:95) ~[junit-platform-engine-1.8.2.jar:1.8.2]
	at java.base/java.util.ArrayList.forEach(ArrayList.java:1597) ~[na:na]
	at org.junit.platform.engine.support.hierarchical.SameThreadHierarchicalTestExecutorService.invokeAll(SameThreadHierarchicalTestExecutorService.java:41) ~[junit-platform-engine-1.8.2.jar:1.8.2]
	at org.junit.platform.engine.support.hierarchical.NodeTestTask.lambda$executeRecursively$6(NodeTestTask.java:155) ~[junit-platform-engine-1.8.2.jar:1.8.2]
	at org.junit.platform.engine.support.hierarchical.ThrowableCollector.execute(ThrowableCollector.java:73) ~[junit-platform-engine-1.8.2.jar:1.8.2]
	at org.junit.platform.engine.support.hierarchical.NodeTestTask.lambda$executeRecursively$8(NodeTestTask.java:141) ~[junit-platform-engine-1.8.2.jar:1.8.2]
	at org.junit.platform.engine.support.hierarchical.Node.around(Node.java:137) ~[junit-platform-engine-1.8.2.jar:1.8.2]
	at org.junit.platform.engine.support.hierarchical.NodeTestTask.lambda$executeRecursively$9(NodeTestTask.java:139) ~[junit-platform-engine-1.8.2.jar:1.8.2]
	at org.junit.platform.engine.support.hierarchical.ThrowableCollector.execute(ThrowableCollector.java:73) ~[junit-platform-engine-1.8.2.jar:1.8.2]
	at org.junit.platform.engine.support.hierarchical.NodeTestTask.executeRecursively(NodeTestTask.java:138) ~[junit-platform-engine-1.8.2.jar:1.8.2]
	at org.junit.platform.engine.support.hierarchical.NodeTestTask.execute(NodeTestTask.java:95) ~[junit-platform-engine-1.8.2.jar:1.8.2]
	at org.junit.platform.engine.support.hierarchical.SameThreadHierarchicalTestExecutorService.submit(SameThreadHierarchicalTestExecutorService.java:35) ~[junit-platform-engine-1.8.2.jar:1.8.2]
	at org.junit.platform.engine.support.hierarchical.HierarchicalTestExecutor.execute(HierarchicalTestExecutor.java:57) ~[junit-platform-engine-1.8.2.jar:1.8.2]
	at org.junit.platform.engine.support.hierarchical.HierarchicalTestEngine.execute(HierarchicalTestEngine.java:54) ~[junit-platform-engine-1.8.2.jar:1.8.2]
	at org.junit.platform.launcher.core.DefaultLauncher.execute(DefaultLauncher.java:220) ~[junit-platform-launcher-1.3.1.jar:1.3.1]
	at org.junit.platform.launcher.core.DefaultLauncher.lambda$execute$6(DefaultLauncher.java:188) ~[junit-platform-launcher-1.3.1.jar:1.3.1]
	at org.junit.platform.launcher.core.DefaultLauncher.withInterceptedStreams(DefaultLauncher.java:202) ~[junit-platform-launcher-1.3.1.jar:1.3.1]
	at org.junit.platform.launcher.core.DefaultLauncher.execute(DefaultLauncher.java:181) ~[junit-platform-launcher-1.3.1.jar:1.3.1]
	at org.junit.platform.launcher.core.DefaultLauncher.execute(DefaultLauncher.java:128) ~[junit-platform-launcher-1.3.1.jar:1.3.1]
	at org.apache.maven.surefire.junitplatform.JUnitPlatformProvider.invokeAllTests(JUnitPlatformProvider.java:150) ~[surefire-junit-platform-2.22.2.jar:2.22.2]
	at org.apache.maven.surefire.junitplatform.JUnitPlatformProvider.invoke(JUnitPlatformProvider.java:124) ~[surefire-junit-platform-2.22.2.jar:2.22.2]
	at org.apache.maven.surefire.booter.ForkedBooter.invokeProviderInSameClassLoader(ForkedBooter.java:384) ~[surefire-booter-2.22.2.jar:2.22.2]
	at org.apache.maven.surefire.booter.ForkedBooter.runSuitesInProcess(ForkedBooter.java:345) ~[surefire-booter-2.22.2.jar:2.22.2]
	at org.apache.maven.surefire.booter.ForkedBooter.execute(ForkedBooter.java:126) ~[surefire-booter-2.22.2.jar:2.22.2]
	at org.apache.maven.surefire.booter.ForkedBooter.main(ForkedBooter.java:418) ~[surefire-booter-2.22.2.jar:2.22.2]
Caused by: org.springframework.beans.factory.BeanCreationException: Error creating bean with name 'dataSourceScriptDatabaseInitializer' defined in class path resource [org/springframework/boot/autoconfigure/sql/init/DataSourceInitializationConfiguration.class]: Invocation of init method failed; nested exception is org.springframework.jdbc.datasource.init.ScriptStatementFailedException: Failed to execute SQL script statement #1 of URL [file:/D:/simblog/target/test-classes/data.sql]: CREATE TABLE IF NOT EXISTS `user` ( `id` BIGINT NOT NULL AUTO_INCREMENT COMMENT '用户ID', `username` VARCHAR(50) NOT NULL COMMENT '用户名', `password` VARCHAR(100) NOT NULL COMMENT '密码', `email` VARCHAR(100) COMMENT '邮箱', `nickname` VARCHAR(50) COMMENT '昵称', `avatar` VARCHAR(255) COMMENT '头像', `bio` TEXT COMMENT '个人简介', `create_time` DATETIME NOT NULL DEFAULT CURRENT_TIMESTAMP COMMENT '创建时间', `update_time` DATETIME NOT NULL DEFAULT CURRENT_TIMESTAMP ON UPDATE CURRENT_TIMESTAMP COMMENT '更新时间', `deleted` TINYINT NOT NULL DEFAULT 0 COMMENT '是否删除', PRIMARY KEY (`id`), UNIQUE KEY `uk_username` (`username`) ); nested exception is org.h2.jdbc.JdbcSQLSyntaxErrorException: Syntax error in SQL statement "CREATE TABLE IF NOT EXISTS `user` ( `id` BIGINT NOT NULL AUTO_INCREMENT COMMENT '用户ID', `username` VARCHAR(50) NOT NULL COMMENT '用户名', `password` VARCHAR(100) NOT NULL COMMENT '密码', `email` VARCHAR(100) COMMENT '邮箱', `nickname` VARCHAR(50) COMMENT '昵称', `avatar` VARCHAR(255) COMMENT '头像', `bio` TEXT COMMENT '个人简介', `create_time` DATETIME NOT NULL DEFAULT CURRENT_TIMESTAMP COMMENT '创建时间', `update_time` DATETIME NOT NULL DEFAULT CURRENT_TIMESTAMP ON UPDATE CURRENT_TIMESTAMP COMMENT '更新时间', `deleted` TINYINT NOT NULL DEFAULT 0 COMMENT '是否删除', PRIMARY KEY (`id`), UNIQUE [*]KEY `uk_username` (`username`) )"; expected "("; SQL statement:
CREATE TABLE IF NOT EXISTS `user` ( `id` BIGINT NOT NULL AUTO_INCREMENT COMMENT '用户ID', `username` VARCHAR(50) NOT NULL COMMENT '用户名', `password` VARCHAR(100) NOT NULL COMMENT '密码', `email` VARCHAR(100) COMMENT '邮箱', `nickname` VARCHAR(50) COMMENT '昵称', `avatar` VARCHAR(255) COMMENT '头像', `bio` TEXT COMMENT '个人简介', `create_time` DATETIME NOT NULL DEFAULT CURRENT_TIMESTAMP COMMENT '创建时间', `update_time` DATETIME NOT NULL DEFAULT CURRENT_TIMESTAMP ON UPDATE CURRENT_TIMESTAMP COMMENT '更新时间', `deleted` TINYINT NOT NULL DEFAULT 0 COMMENT '是否删除', PRIMARY KEY (`id`), UNIQUE KEY `uk_username` (`username`) ) [42001-212]
	at org.springframework.beans.factory.support.AbstractAutowireCapableBeanFactory.initializeBean(AbstractAutowireCapableBeanFactory.java:1804) ~[spring-beans-5.3.20.jar:5.3.20]
	at org.springframework.beans.factory.support.AbstractAutowireCapableBeanFactory.doCreateBean(AbstractAutowireCapableBeanFactory.java:620) ~[spring-beans-5.3.20.jar:5.3.20]
	at org.springframework.beans.factory.support.AbstractAutowireCapableBeanFactory.createBean(AbstractAutowireCapableBeanFactory.java:542) ~[spring-beans-5.3.20.jar:5.3.20]
	at org.springframework.beans.factory.support.AbstractBeanFactory.lambda$doGetBean$0(AbstractBeanFactory.java:335) ~[spring-beans-5.3.20.jar:5.3.20]
	at org.springframework.beans.factory.support.DefaultSingletonBeanRegistry.getSingleton(DefaultSingletonBeanRegistry.java:234) ~[spring-beans-5.3.20.jar:5.3.20]
	at org.springframework.beans.factory.support.AbstractBeanFactory.doGetBean(AbstractBeanFactory.java:333) ~[spring-beans-5.3.20.jar:5.3.20]
	at org.springframework.beans.factory.support.AbstractBeanFactory.getBean(AbstractBeanFactory.java:208) ~[spring-beans-5.3.20.jar:5.3.20]
	at org.springframework.beans.factory.support.AbstractBeanFactory.doGetBean(AbstractBeanFactory.java:322) ~[spring-beans-5.3.20.jar:5.3.20]
	at org.springframework.beans.factory.support.AbstractBeanFactory.getBean(AbstractBeanFactory.java:208) ~[spring-beans-5.3.20.jar:5.3.20]
	at org.springframework.beans.factory.support.DefaultListableBeanFactory.preInstantiateSingletons(DefaultListableBeanFactory.java:953) ~[spring-beans-5.3.20.jar:5.3.20]
	at org.springframework.context.support.AbstractApplicationContext.finishBeanFactoryInitialization(AbstractApplicationContext.java:918) ~[spring-context-5.3.20.jar:5.3.20]
	at org.springframework.context.support.AbstractApplicationContext.refresh(AbstractApplicationContext.java:583) ~[spring-context-5.3.20.jar:5.3.20]
	at org.springframework.boot.SpringApplication.refresh(SpringApplication.java:734) ~[spring-boot-2.7.0.jar:2.7.0]
	at org.springframework.boot.SpringApplication.refreshContext(SpringApplication.java:408) ~[spring-boot-2.7.0.jar:2.7.0]
	at org.springframework.boot.SpringApplication.run(SpringApplication.java:308) ~[spring-boot-2.7.0.jar:2.7.0]
	at org.springframework.boot.test.context.SpringBootContextLoader.loadContext(SpringBootContextLoader.java:132) ~[spring-boot-test-2.7.0.jar:2.7.0]
	at org.springframework.test.context.cache.DefaultCacheAwareContextLoaderDelegate.loadContextInternal(DefaultCacheAwareContextLoaderDelegate.java:99) ~[spring-test-5.3.20.jar:5.3.20]
	at org.springframework.test.context.cache.DefaultCacheAwareContextLoaderDelegate.loadContext(DefaultCacheAwareContextLoaderDelegate.java:124) ~[spring-test-5.3.20.jar:5.3.20]
	... 67 common frames omitted
Caused by: org.springframework.jdbc.datasource.init.ScriptStatementFailedException: Failed to execute SQL script statement #1 of URL [file:/D:/simblog/target/test-classes/data.sql]: CREATE TABLE IF NOT EXISTS `user` ( `id` BIGINT NOT NULL AUTO_INCREMENT COMMENT '用户ID', `username` VARCHAR(50) NOT NULL COMMENT '用户名', `password` VARCHAR(100) NOT NULL COMMENT '密码', `email` VARCHAR(100) COMMENT '邮箱', `nickname` VARCHAR(50) COMMENT '昵称', `avatar` VARCHAR(255) COMMENT '头像', `bio` TEXT COMMENT '个人简介', `create_time` DATETIME NOT NULL DEFAULT CURRENT_TIMESTAMP COMMENT '创建时间', `update_time` DATETIME NOT NULL DEFAULT CURRENT_TIMESTAMP ON UPDATE CURRENT_TIMESTAMP COMMENT '更新时间', `deleted` TINYINT NOT NULL DEFAULT 0 COMMENT '是否删除', PRIMARY KEY (`id`), UNIQUE KEY `uk_username` (`username`) ); nested exception is org.h2.jdbc.JdbcSQLSyntaxErrorException: Syntax error in SQL statement "CREATE TABLE IF NOT EXISTS `user` ( `id` BIGINT NOT NULL AUTO_INCREMENT COMMENT '用户ID', `username` VARCHAR(50) NOT NULL COMMENT '用户名', `password` VARCHAR(100) NOT NULL COMMENT '密码', `email` VARCHAR(100) COMMENT '邮箱', `nickname` VARCHAR(50) COMMENT '昵称', `avatar` VARCHAR(255) COMMENT '头像', `bio` TEXT COMMENT '个人简介', `create_time` DATETIME NOT NULL DEFAULT CURRENT_TIMESTAMP COMMENT '创建时间', `update_time` DATETIME NOT NULL DEFAULT CURRENT_TIMESTAMP ON UPDATE CURRENT_TIMESTAMP COMMENT '更新时间', `deleted` TINYINT NOT NULL DEFAULT 0 COMMENT '是否删除', PRIMARY KEY (`id`), UNIQUE [*]KEY `uk_username` (`username`) )"; expected "("; SQL statement:
CREATE TABLE IF NOT EXISTS `user` ( `id` BIGINT NOT NULL AUTO_INCREMENT COMMENT '用户ID', `username` VARCHAR(50) NOT NULL COMMENT '用户名', `password` VARCHAR(100) NOT NULL COMMENT '密码', `email` VARCHAR(100) COMMENT '邮箱', `nickname` VARCHAR(50) COMMENT '昵称', `avatar` VARCHAR(255) COMMENT '头像', `bio` TEXT COMMENT '个人简介', `create_time` DATETIME NOT NULL DEFAULT CURRENT_TIMESTAMP COMMENT '创建时间', `update_time` DATETIME NOT NULL DEFAULT CURRENT_TIMESTAMP ON UPDATE CURRENT_TIMESTAMP COMMENT '更新时间', `deleted` TINYINT NOT NULL DEFAULT 0 COMMENT '是否删除', PRIMARY KEY (`id`), UNIQUE KEY `uk_username` (`username`) ) [42001-212]
	at org.springframework.jdbc.datasource.init.ScriptUtils.executeSqlScript(ScriptUtils.java:282) ~[spring-jdbc-5.3.20.jar:5.3.20]
	at org.springframework.jdbc.datasource.init.ResourceDatabasePopulator.populate(ResourceDatabasePopulator.java:254) ~[spring-jdbc-5.3.20.jar:5.3.20]
	at org.springframework.jdbc.datasource.init.DatabasePopulatorUtils.execute(DatabasePopulatorUtils.java:54) ~[spring-jdbc-5.3.20.jar:5.3.20]
	at org.springframework.boot.jdbc.init.DataSourceScriptDatabaseInitializer.runScripts(DataSourceScriptDatabaseInitializer.java:90) ~[spring-boot-2.7.0.jar:2.7.0]
	at org.springframework.boot.sql.init.AbstractScriptDatabaseInitializer.runScripts(AbstractScriptDatabaseInitializer.java:145) ~[spring-boot-2.7.0.jar:2.7.0]
	at org.springframework.boot.sql.init.AbstractScriptDatabaseInitializer.applyScripts(AbstractScriptDatabaseInitializer.java:107) ~[spring-boot-2.7.0.jar:2.7.0]
	at org.springframework.boot.sql.init.AbstractScriptDatabaseInitializer.applyDataScripts(AbstractScriptDatabaseInitializer.java:101) ~[spring-boot-2.7.0.jar:2.7.0]
	at org.springframework.boot.sql.init.AbstractScriptDatabaseInitializer.initializeDatabase(AbstractScriptDatabaseInitializer.java:76) ~[spring-boot-2.7.0.jar:2.7.0]
	at org.springframework.boot.sql.init.AbstractScriptDatabaseInitializer.afterPropertiesSet(AbstractScriptDatabaseInitializer.java:65) ~[spring-boot-2.7.0.jar:2.7.0]
	at org.springframework.beans.factory.support.AbstractAutowireCapableBeanFactory.invokeInitMethods(AbstractAutowireCapableBeanFactory.java:1863) ~[spring-beans-5.3.20.jar:5.3.20]
	at org.springframework.beans.factory.support.AbstractAutowireCapableBeanFactory.initializeBean(AbstractAutowireCapableBeanFactory.java:1800) ~[spring-beans-5.3.20.jar:5.3.20]
	... 84 common frames omitted
Caused by: org.h2.jdbc.JdbcSQLSyntaxErrorException: Syntax error in SQL statement "CREATE TABLE IF NOT EXISTS `user` ( `id` BIGINT NOT NULL AUTO_INCREMENT COMMENT '用户ID', `username` VARCHAR(50) NOT NULL COMMENT '用户名', `password` VARCHAR(100) NOT NULL COMMENT '密码', `email` VARCHAR(100) COMMENT '邮箱', `nickname` VARCHAR(50) COMMENT '昵称', `avatar` VARCHAR(255) COMMENT '头像', `bio` TEXT COMMENT '个人简介', `create_time` DATETIME NOT NULL DEFAULT CURRENT_TIMESTAMP COMMENT '创建时间', `update_time` DATETIME NOT NULL DEFAULT CURRENT_TIMESTAMP ON UPDATE CURRENT_TIMESTAMP COMMENT '更新时间', `deleted` TINYINT NOT NULL DEFAULT 0 COMMENT '是否删除', PRIMARY KEY (`id`), UNIQUE [*]KEY `uk_username` (`username`) )"; expected "("; SQL statement:
CREATE TABLE IF NOT EXISTS `user` ( `id` BIGINT NOT NULL AUTO_INCREMENT COMMENT '用户ID', `username` VARCHAR(50) NOT NULL COMMENT '用户名', `password` VARCHAR(100) NOT NULL COMMENT '密码', `email` VARCHAR(100) COMMENT '邮箱', `nickname` VARCHAR(50) COMMENT '昵称', `avatar` VARCHAR(255) COMMENT '头像', `bio` TEXT COMMENT '个人简介', `create_time` DATETIME NOT NULL DEFAULT CURRENT_TIMESTAMP COMMENT '创建时间', `update_time` DATETIME NOT NULL DEFAULT CURRENT_TIMESTAMP ON UPDATE CURRENT_TIMESTAMP COMMENT '更新时间', `deleted` TINYINT NOT NULL DEFAULT 0 COMMENT '是否删除', PRIMARY KEY (`id`), UNIQUE KEY `uk_username` (`username`) ) [42001-212]
	at org.h2.message.DbException.getJdbcSQLException(DbException.java:502) ~[h2-2.1.212.jar:2.1.212]
	at org.h2.message.DbException.getJdbcSQLException(DbException.java:477) ~[h2-2.1.212.jar:2.1.212]
	at org.h2.message.DbException.getSyntaxError(DbException.java:261) ~[h2-2.1.212.jar:2.1.212]
	at org.h2.command.Parser.getSyntaxError(Parser.java:907) ~[h2-2.1.212.jar:2.1.212]
	at org.h2.command.Parser.read(Parser.java:5743) ~[h2-2.1.212.jar:2.1.212]
	at org.h2.command.Parser.parseTableConstraintIf(Parser.java:9075) ~[h2-2.1.212.jar:2.1.212]
	at org.h2.command.Parser.parseTableColumnDefinition(Parser.java:9318) ~[h2-2.1.212.jar:2.1.212]
	at org.h2.command.Parser.parseCreateTable(Parser.java:9266) ~[h2-2.1.212.jar:2.1.212]
	at org.h2.command.Parser.parseCreate(Parser.java:6745) ~[h2-2.1.212.jar:2.1.212]
	at org.h2.command.Parser.parsePrepared(Parser.java:763) ~[h2-2.1.212.jar:2.1.212]
	at org.h2.command.Parser.parse(Parser.java:691) ~[h2-2.1.212.jar:2.1.212]
	at org.h2.command.Parser.parse(Parser.java:666) ~[h2-2.1.212.jar:2.1.212]
	at org.h2.command.Parser.prepareCommand(Parser.java:568) ~[h2-2.1.212.jar:2.1.212]
	at org.h2.engine.SessionLocal.prepareLocal(SessionLocal.java:631) ~[h2-2.1.212.jar:2.1.212]
	at org.h2.engine.SessionLocal.prepareCommand(SessionLocal.java:554) ~[h2-2.1.212.jar:2.1.212]
	at org.h2.jdbc.JdbcConnection.prepareCommand(JdbcConnection.java:1116) ~[h2-2.1.212.jar:2.1.212]
	at org.h2.jdbc.JdbcStatement.executeInternal(JdbcStatement.java:237) ~[h2-2.1.212.jar:2.1.212]
	at org.h2.jdbc.JdbcStatement.execute(JdbcStatement.java:223) ~[h2-2.1.212.jar:2.1.212]
	at com.zaxxer.hikari.pool.ProxyStatement.execute(ProxyStatement.java:94) ~[HikariCP-4.0.3.jar:na]
	at com.zaxxer.hikari.pool.HikariProxyStatement.execute(HikariProxyStatement.java) ~[HikariCP-4.0.3.jar:na]
	at org.springframework.jdbc.datasource.init.ScriptUtils.executeSqlScript(ScriptUtils.java:261) ~[spring-jdbc-5.3.20.jar:5.3.20]
	... 94 common frames omitted

]]></system-out>
  </testcase>
  <testcase name="testApplicationStartup" classname="com.example.SimblogApplicationTests" time="0">
    <error message="Failed to load ApplicationContext" type="java.lang.IllegalStateException">java.lang.IllegalStateException: Failed to load ApplicationContext
Caused by: org.springframework.beans.factory.BeanCreationException: 
Error creating bean with name 'dataSourceScriptDatabaseInitializer' defined in class path resource [org/springframework/boot/autoconfigure/sql/init/DataSourceInitializationConfiguration.class]: Invocation of init method failed; nested exception is org.springframework.jdbc.datasource.init.ScriptStatementFailedException: Failed to execute SQL script statement #1 of URL [file:/D:/simblog/target/test-classes/data.sql]: CREATE TABLE IF NOT EXISTS `user` ( `id` BIGINT NOT NULL AUTO_INCREMENT COMMENT '用户ID', `username` VARCHAR(50) NOT NULL COMMENT '用户名', `password` VARCHAR(100) NOT NULL COMMENT '密码', `email` VARCHAR(100) COMMENT '邮箱', `nickname` VARCHAR(50) COMMENT '昵称', `avatar` VARCHAR(255) COMMENT '头像', `bio` TEXT COMMENT '个人简介', `create_time` DATETIME NOT NULL DEFAULT CURRENT_TIMESTAMP COMMENT '创建时间', `update_time` DATETIME NOT NULL DEFAULT CURRENT_TIMESTAMP ON UPDATE CURRENT_TIMESTAMP COMMENT '更新时间', `deleted` TINYINT NOT NULL DEFAULT 0 COMMENT '是否删除', PRIMARY KEY (`id`), UNIQUE KEY `uk_username` (`username`) ); nested exception is org.h2.jdbc.JdbcSQLSyntaxErrorException: Syntax error in SQL statement "CREATE TABLE IF NOT EXISTS `user` ( `id` BIGINT NOT NULL AUTO_INCREMENT COMMENT '用户ID', `username` VARCHAR(50) NOT NULL COMMENT '用户名', `password` VARCHAR(100) NOT NULL COMMENT '密码', `email` VARCHAR(100) COMMENT '邮箱', `nickname` VARCHAR(50) COMMENT '昵称', `avatar` VARCHAR(255) COMMENT '头像', `bio` TEXT COMMENT '个人简介', `create_time` DATETIME NOT NULL DEFAULT CURRENT_TIMESTAMP COMMENT '创建时间', `update_time` DATETIME NOT NULL DEFAULT CURRENT_TIMESTAMP ON UPDATE CURRENT_TIMESTAMP COMMENT '更新时间', `deleted` TINYINT NOT NULL DEFAULT 0 COMMENT '是否删除', PRIMARY KEY (`id`), UNIQUE [*]KEY `uk_username` (`username`) )"; expected "("; SQL statement:
CREATE TABLE IF NOT EXISTS `user` ( `id` BIGINT NOT NULL AUTO_INCREMENT COMMENT '用户ID', `username` VARCHAR(50) NOT NULL COMMENT '用户名', `password` VARCHAR(100) NOT NULL COMMENT '密码', `email` VARCHAR(100) COMMENT '邮箱', `nickname` VARCHAR(50) COMMENT '昵称', `avatar` VARCHAR(255) COMMENT '头像', `bio` TEXT COMMENT '个人简介', `create_time` DATETIME NOT NULL DEFAULT CURRENT_TIMESTAMP COMMENT '创建时间', `update_time` DATETIME NOT NULL DEFAULT CURRENT_TIMESTAMP ON UPDATE CURRENT_TIMESTAMP COMMENT '更新时间', `deleted` TINYINT NOT NULL DEFAULT 0 COMMENT '是否删除', PRIMARY KEY (`id`), UNIQUE KEY `uk_username` (`username`) ) [42001-212]
Caused by: org.springframework.jdbc.datasource.init.ScriptStatementFailedException: 
Failed to execute SQL script statement #1 of URL [file:/D:/simblog/target/test-classes/data.sql]: CREATE TABLE IF NOT EXISTS `user` ( `id` BIGINT NOT NULL AUTO_INCREMENT COMMENT '用户ID', `username` VARCHAR(50) NOT NULL COMMENT '用户名', `password` VARCHAR(100) NOT NULL COMMENT '密码', `email` VARCHAR(100) COMMENT '邮箱', `nickname` VARCHAR(50) COMMENT '昵称', `avatar` VARCHAR(255) COMMENT '头像', `bio` TEXT COMMENT '个人简介', `create_time` DATETIME NOT NULL DEFAULT CURRENT_TIMESTAMP COMMENT '创建时间', `update_time` DATETIME NOT NULL DEFAULT CURRENT_TIMESTAMP ON UPDATE CURRENT_TIMESTAMP COMMENT '更新时间', `deleted` TINYINT NOT NULL DEFAULT 0 COMMENT '是否删除', PRIMARY KEY (`id`), UNIQUE KEY `uk_username` (`username`) ); nested exception is org.h2.jdbc.JdbcSQLSyntaxErrorException: Syntax error in SQL statement "CREATE TABLE IF NOT EXISTS `user` ( `id` BIGINT NOT NULL AUTO_INCREMENT COMMENT '用户ID', `username` VARCHAR(50) NOT NULL COMMENT '用户名', `password` VARCHAR(100) NOT NULL COMMENT '密码', `email` VARCHAR(100) COMMENT '邮箱', `nickname` VARCHAR(50) COMMENT '昵称', `avatar` VARCHAR(255) COMMENT '头像', `bio` TEXT COMMENT '个人简介', `create_time` DATETIME NOT NULL DEFAULT CURRENT_TIMESTAMP COMMENT '创建时间', `update_time` DATETIME NOT NULL DEFAULT CURRENT_TIMESTAMP ON UPDATE CURRENT_TIMESTAMP COMMENT '更新时间', `deleted` TINYINT NOT NULL DEFAULT 0 COMMENT '是否删除', PRIMARY KEY (`id`), UNIQUE [*]KEY `uk_username` (`username`) )"; expected "("; SQL statement:
CREATE TABLE IF NOT EXISTS `user` ( `id` BIGINT NOT NULL AUTO_INCREMENT COMMENT '用户ID', `username` VARCHAR(50) NOT NULL COMMENT '用户名', `password` VARCHAR(100) NOT NULL COMMENT '密码', `email` VARCHAR(100) COMMENT '邮箱', `nickname` VARCHAR(50) COMMENT '昵称', `avatar` VARCHAR(255) COMMENT '头像', `bio` TEXT COMMENT '个人简介', `create_time` DATETIME NOT NULL DEFAULT CURRENT_TIMESTAMP COMMENT '创建时间', `update_time` DATETIME NOT NULL DEFAULT CURRENT_TIMESTAMP ON UPDATE CURRENT_TIMESTAMP COMMENT '更新时间', `deleted` TINYINT NOT NULL DEFAULT 0 COMMENT '是否删除', PRIMARY KEY (`id`), UNIQUE KEY `uk_username` (`username`) ) [42001-212]
Caused by: org.h2.jdbc.JdbcSQLSyntaxErrorException: 
Syntax error in SQL statement "CREATE TABLE IF NOT EXISTS `user` ( `id` BIGINT NOT NULL AUTO_INCREMENT COMMENT '用户ID', `username` VARCHAR(50) NOT NULL COMMENT '用户名', `password` VARCHAR(100) NOT NULL COMMENT '密码', `email` VARCHAR(100) COMMENT '邮箱', `nickname` VARCHAR(50) COMMENT '昵称', `avatar` VARCHAR(255) COMMENT '头像', `bio` TEXT COMMENT '个人简介', `create_time` DATETIME NOT NULL DEFAULT CURRENT_TIMESTAMP COMMENT '创建时间', `update_time` DATETIME NOT NULL DEFAULT CURRENT_TIMESTAMP ON UPDATE CURRENT_TIMESTAMP COMMENT '更新时间', `deleted` TINYINT NOT NULL DEFAULT 0 COMMENT '是否删除', PRIMARY KEY (`id`), UNIQUE [*]KEY `uk_username` (`username`) )"; expected "("; SQL statement:
CREATE TABLE IF NOT EXISTS `user` ( `id` BIGINT NOT NULL AUTO_INCREMENT COMMENT '用户ID', `username` VARCHAR(50) NOT NULL COMMENT '用户名', `password` VARCHAR(100) NOT NULL COMMENT '密码', `email` VARCHAR(100) COMMENT '邮箱', `nickname` VARCHAR(50) COMMENT '昵称', `avatar` VARCHAR(255) COMMENT '头像', `bio` TEXT COMMENT '个人简介', `create_time` DATETIME NOT NULL DEFAULT CURRENT_TIMESTAMP COMMENT '创建时间', `update_time` DATETIME NOT NULL DEFAULT CURRENT_TIMESTAMP ON UPDATE CURRENT_TIMESTAMP COMMENT '更新时间', `deleted` TINYINT NOT NULL DEFAULT 0 COMMENT '是否删除', PRIMARY KEY (`id`), UNIQUE KEY `uk_username` (`username`) ) [42001-212]
</error>
    <system-out><![CDATA[
  .   ____          _            __ _ _
 /\\ / ___'_ __ _ _(_)_ __  __ _ \ \ \ \
( ( )\___ | '_ | '_| | '_ \/ _` | \ \ \ \
 \\/  ___)| |_)| | | | | || (_| |  ) ) ) )
  '  |____| .__|_| |_|_| |_\__, | / / / /
 =========|_|==============|___/=/_/_/_/
 :: Spring Boot ::                (v2.7.0)

2025-06-20 17:05:01.264  INFO 32548 --- [           main] com.example.SimblogApplicationTests      : Starting SimblogApplicationTests using Java 23.0.2 on DESKTOP-ERBEAQP with PID 32548 (started by benjamin in D:\simblog)
2025-06-20 17:05:01.265 DEBUG 32548 --- [           main] com.example.SimblogApplicationTests      : Running with Spring Boot v2.7.0, Spring v5.3.20
2025-06-20 17:05:01.265  INFO 32548 --- [           main] com.example.SimblogApplicationTests      : The following 1 profile is active: "test"
2025-06-20 17:05:01.268 DEBUG 32548 --- [           main] o.s.w.c.s.GenericWebApplicationContext   : Refreshing org.springframework.web.context.support.GenericWebApplicationContext@558575fe
2025-06-20 17:05:01.388  INFO 32548 --- [           main] .s.d.r.c.RepositoryConfigurationDelegate : Multiple Spring Data modules found, entering strict repository configuration mode!
2025-06-20 17:05:01.389  INFO 32548 --- [           main] .s.d.r.c.RepositoryConfigurationDelegate : Bootstrapping Spring Data Redis repositories in DEFAULT mode.
2025-06-20 17:05:01.394  INFO 32548 --- [           main] .s.d.r.c.RepositoryConfigurationDelegate : Finished Spring Data repository scanning in 5 ms. Found 0 Redis repository interfaces.
Logging initialized using 'class org.apache.ibatis.logging.stdout.StdOutImpl' adapter.
Registered plugin: 'com.baomidou.mybatisplus.extension.plugins.MybatisPlusInterceptor@47f416d0'
Property 'mapperLocations' was not specified.
 _ _   |_  _ _|_. ___ _ |    _ 
| | |\/|_)(_| | |_\  |_)||_|_\ 
     /               |         
                        3.5.2 
2025-06-20 17:05:01.876 DEBUG 32548 --- [           main] s.w.s.m.m.a.RequestMappingHandlerAdapter : ControllerAdvice beans: 0 @ModelAttribute, 0 @InitBinder, 1 RequestBodyAdvice, 1 ResponseBodyAdvice
2025-06-20 17:05:01.880  INFO 32548 --- [           main] com.zaxxer.hikari.HikariDataSource       : HikariPool-2 - Starting...
2025-06-20 17:05:01.882  INFO 32548 --- [           main] com.zaxxer.hikari.HikariDataSource       : HikariPool-2 - Start completed.
2025-06-20 17:05:01.882  INFO 32548 --- [           main] o.s.b.a.h2.H2ConsoleAutoConfiguration    : H2 console available at '/h2-console'. Database available at 'jdbc:h2:mem:testdb'
2025-06-20 17:05:01.912 DEBUG 32548 --- [           main] s.w.s.m.m.a.RequestMappingHandlerMapping : 12 mappings in 'requestMappingHandlerMapping'
2025-06-20 17:05:01.940 DEBUG 32548 --- [           main] o.s.w.s.handler.SimpleUrlHandlerMapping  : Patterns [/webjars/**, /**] in 'resourceHandlerMapping'
2025-06-20 17:05:01.949 DEBUG 32548 --- [           main] .m.m.a.ExceptionHandlerExceptionResolver : ControllerAdvice beans: 0 @ExceptionHandler, 1 ResponseBodyAdvice
2025-06-20 17:05:02.043  WARN 32548 --- [           main] o.s.w.c.s.GenericWebApplicationContext   : Exception encountered during context initialization - cancelling refresh attempt: org.springframework.beans.factory.BeanCreationException: Error creating bean with name 'dataSourceScriptDatabaseInitializer' defined in class path resource [org/springframework/boot/autoconfigure/sql/init/DataSourceInitializationConfiguration.class]: Invocation of init method failed; nested exception is org.springframework.jdbc.datasource.init.ScriptStatementFailedException: Failed to execute SQL script statement #1 of URL [file:/D:/simblog/target/test-classes/data.sql]: CREATE TABLE IF NOT EXISTS `user` ( `id` BIGINT NOT NULL AUTO_INCREMENT COMMENT '用户ID', `username` VARCHAR(50) NOT NULL COMMENT '用户名', `password` VARCHAR(100) NOT NULL COMMENT '密码', `email` VARCHAR(100) COMMENT '邮箱', `nickname` VARCHAR(50) COMMENT '昵称', `avatar` VARCHAR(255) COMMENT '头像', `bio` TEXT COMMENT '个人简介', `create_time` DATETIME NOT NULL DEFAULT CURRENT_TIMESTAMP COMMENT '创建时间', `update_time` DATETIME NOT NULL DEFAULT CURRENT_TIMESTAMP ON UPDATE CURRENT_TIMESTAMP COMMENT '更新时间', `deleted` TINYINT NOT NULL DEFAULT 0 COMMENT '是否删除', PRIMARY KEY (`id`), UNIQUE KEY `uk_username` (`username`) ); nested exception is org.h2.jdbc.JdbcSQLSyntaxErrorException: Syntax error in SQL statement "CREATE TABLE IF NOT EXISTS `user` ( `id` BIGINT NOT NULL AUTO_INCREMENT COMMENT '用户ID', `username` VARCHAR(50) NOT NULL COMMENT '用户名', `password` VARCHAR(100) NOT NULL COMMENT '密码', `email` VARCHAR(100) COMMENT '邮箱', `nickname` VARCHAR(50) COMMENT '昵称', `avatar` VARCHAR(255) COMMENT '头像', `bio` TEXT COMMENT '个人简介', `create_time` DATETIME NOT NULL DEFAULT CURRENT_TIMESTAMP COMMENT '创建时间', `update_time` DATETIME NOT NULL DEFAULT CURRENT_TIMESTAMP ON UPDATE CURRENT_TIMESTAMP COMMENT '更新时间', `deleted` TINYINT NOT NULL DEFAULT 0 COMMENT '是否删除', PRIMARY KEY (`id`), UNIQUE [*]KEY `uk_username` (`username`) )"; expected "("; SQL statement:
CREATE TABLE IF NOT EXISTS `user` ( `id` BIGINT NOT NULL AUTO_INCREMENT COMMENT '用户ID', `username` VARCHAR(50) NOT NULL COMMENT '用户名', `password` VARCHAR(100) NOT NULL COMMENT '密码', `email` VARCHAR(100) COMMENT '邮箱', `nickname` VARCHAR(50) COMMENT '昵称', `avatar` VARCHAR(255) COMMENT '头像', `bio` TEXT COMMENT '个人简介', `create_time` DATETIME NOT NULL DEFAULT CURRENT_TIMESTAMP COMMENT '创建时间', `update_time` DATETIME NOT NULL DEFAULT CURRENT_TIMESTAMP ON UPDATE CURRENT_TIMESTAMP COMMENT '更新时间', `deleted` TINYINT NOT NULL DEFAULT 0 COMMENT '是否删除', PRIMARY KEY (`id`), UNIQUE KEY `uk_username` (`username`) ) [42001-212]
2025-06-20 17:05:02.047  INFO 32548 --- [           main] com.zaxxer.hikari.HikariDataSource       : HikariPool-2 - Shutdown initiated...
2025-06-20 17:05:02.048  INFO 32548 --- [           main] com.zaxxer.hikari.HikariDataSource       : HikariPool-2 - Shutdown completed.
2025-06-20 17:05:02.050  INFO 32548 --- [           main] ConditionEvaluationReportLoggingListener : 

Error starting ApplicationContext. To display the conditions report re-run your application with 'debug' enabled.
2025-06-20 17:05:02.053 ERROR 32548 --- [           main] o.s.boot.SpringApplication               : Application run failed

org.springframework.beans.factory.BeanCreationException: Error creating bean with name 'dataSourceScriptDatabaseInitializer' defined in class path resource [org/springframework/boot/autoconfigure/sql/init/DataSourceInitializationConfiguration.class]: Invocation of init method failed; nested exception is org.springframework.jdbc.datasource.init.ScriptStatementFailedException: Failed to execute SQL script statement #1 of URL [file:/D:/simblog/target/test-classes/data.sql]: CREATE TABLE IF NOT EXISTS `user` ( `id` BIGINT NOT NULL AUTO_INCREMENT COMMENT '用户ID', `username` VARCHAR(50) NOT NULL COMMENT '用户名', `password` VARCHAR(100) NOT NULL COMMENT '密码', `email` VARCHAR(100) COMMENT '邮箱', `nickname` VARCHAR(50) COMMENT '昵称', `avatar` VARCHAR(255) COMMENT '头像', `bio` TEXT COMMENT '个人简介', `create_time` DATETIME NOT NULL DEFAULT CURRENT_TIMESTAMP COMMENT '创建时间', `update_time` DATETIME NOT NULL DEFAULT CURRENT_TIMESTAMP ON UPDATE CURRENT_TIMESTAMP COMMENT '更新时间', `deleted` TINYINT NOT NULL DEFAULT 0 COMMENT '是否删除', PRIMARY KEY (`id`), UNIQUE KEY `uk_username` (`username`) ); nested exception is org.h2.jdbc.JdbcSQLSyntaxErrorException: Syntax error in SQL statement "CREATE TABLE IF NOT EXISTS `user` ( `id` BIGINT NOT NULL AUTO_INCREMENT COMMENT '用户ID', `username` VARCHAR(50) NOT NULL COMMENT '用户名', `password` VARCHAR(100) NOT NULL COMMENT '密码', `email` VARCHAR(100) COMMENT '邮箱', `nickname` VARCHAR(50) COMMENT '昵称', `avatar` VARCHAR(255) COMMENT '头像', `bio` TEXT COMMENT '个人简介', `create_time` DATETIME NOT NULL DEFAULT CURRENT_TIMESTAMP COMMENT '创建时间', `update_time` DATETIME NOT NULL DEFAULT CURRENT_TIMESTAMP ON UPDATE CURRENT_TIMESTAMP COMMENT '更新时间', `deleted` TINYINT NOT NULL DEFAULT 0 COMMENT '是否删除', PRIMARY KEY (`id`), UNIQUE [*]KEY `uk_username` (`username`) )"; expected "("; SQL statement:
CREATE TABLE IF NOT EXISTS `user` ( `id` BIGINT NOT NULL AUTO_INCREMENT COMMENT '用户ID', `username` VARCHAR(50) NOT NULL COMMENT '用户名', `password` VARCHAR(100) NOT NULL COMMENT '密码', `email` VARCHAR(100) COMMENT '邮箱', `nickname` VARCHAR(50) COMMENT '昵称', `avatar` VARCHAR(255) COMMENT '头像', `bio` TEXT COMMENT '个人简介', `create_time` DATETIME NOT NULL DEFAULT CURRENT_TIMESTAMP COMMENT '创建时间', `update_time` DATETIME NOT NULL DEFAULT CURRENT_TIMESTAMP ON UPDATE CURRENT_TIMESTAMP COMMENT '更新时间', `deleted` TINYINT NOT NULL DEFAULT 0 COMMENT '是否删除', PRIMARY KEY (`id`), UNIQUE KEY `uk_username` (`username`) ) [42001-212]
	at org.springframework.beans.factory.support.AbstractAutowireCapableBeanFactory.initializeBean(AbstractAutowireCapableBeanFactory.java:1804) ~[spring-beans-5.3.20.jar:5.3.20]
	at org.springframework.beans.factory.support.AbstractAutowireCapableBeanFactory.doCreateBean(AbstractAutowireCapableBeanFactory.java:620) ~[spring-beans-5.3.20.jar:5.3.20]
[...]
	at java.base/java.util.stream.Streams$ConcatSpliterator.forEachRemaining(Streams.java:734) ~[na:na]
	at java.base/java.util.stream.ReferencePipeline$Head.forEach(ReferencePipeline.java:807) ~[na:na]
	at org.junit.jupiter.engine.descriptor.ClassBasedTestDescriptor.invokeTestInstancePostProcessors(ClassBasedTestDescriptor.java:362) ~[junit-jupiter-engine-5.8.2.jar:5.8.2]
	at org.junit.jupiter.engine.descriptor.ClassBasedTestDescriptor.lambda$instantiateAndPostProcessTestInstance$6(ClassBasedTestDescriptor.java:283) ~[junit-jupiter-engine-5.8.2.jar:5.8.2]
	at org.junit.platform.engine.support.hierarchical.ThrowableCollector.execute(ThrowableCollector.java:73) ~[junit-platform-engine-1.8.2.jar:1.8.2]
	at org.junit.jupiter.engine.descriptor.ClassBasedTestDescriptor.instantiateAndPostProcessTestInstance(ClassBasedTestDescriptor.java:282) ~[junit-jupiter-engine-5.8.2.jar:5.8.2]
	at org.junit.jupiter.engine.descriptor.ClassBasedTestDescriptor.lambda$testInstancesProvider$4(ClassBasedTestDescriptor.java:272) ~[junit-jupiter-engine-5.8.2.jar:5.8.2]
	at java.base/java.util.Optional.orElseGet(Optional.java:364) ~[na:na]
	at org.junit.jupiter.engine.descriptor.ClassBasedTestDescriptor.lambda$testInstancesProvider$5(ClassBasedTestDescriptor.java:271) ~[junit-jupiter-engine-5.8.2.jar:5.8.2]
	at org.junit.jupiter.engine.execution.TestInstancesProvider.getTestInstances(TestInstancesProvider.java:31) ~[junit-jupiter-engine-5.8.2.jar:5.8.2]
	at org.junit.jupiter.engine.descriptor.TestMethodTestDescriptor.lambda$prepare$0(TestMethodTestDescriptor.java:102) ~[junit-jupiter-engine-5.8.2.jar:5.8.2]
	at org.junit.platform.engine.support.hierarchical.ThrowableCollector.execute(ThrowableCollector.java:73) ~[junit-platform-engine-1.8.2.jar:1.8.2]
	at org.junit.jupiter.engine.descriptor.TestMethodTestDescriptor.prepare(TestMethodTestDescriptor.java:101) ~[junit-jupiter-engine-5.8.2.jar:5.8.2]
	at org.junit.jupiter.engine.descriptor.TestMethodTestDescriptor.prepare(TestMethodTestDescriptor.java:66) ~[junit-jupiter-engine-5.8.2.jar:5.8.2]
	at org.junit.platform.engine.support.hierarchical.NodeTestTask.lambda$prepare$2(NodeTestTask.java:123) ~[junit-platform-engine-1.8.2.jar:1.8.2]
	at org.junit.platform.engine.support.hierarchical.ThrowableCollector.execute(ThrowableCollector.java:73) ~[junit-platform-engine-1.8.2.jar:1.8.2]
	at org.junit.platform.engine.support.hierarchical.NodeTestTask.prepare(NodeTestTask.java:123) ~[junit-platform-engine-1.8.2.jar:1.8.2]
	at org.junit.platform.engine.support.hierarchical.NodeTestTask.execute(NodeTestTask.java:90) ~[junit-platform-engine-1.8.2.jar:1.8.2]
	at java.base/java.util.ArrayList.forEach(ArrayList.java:1597) ~[na:na]
	at org.junit.platform.engine.support.hierarchical.SameThreadHierarchicalTestExecutorService.invokeAll(SameThreadHierarchicalTestExecutorService.java:41) ~[junit-platform-engine-1.8.2.jar:1.8.2]
	at org.junit.platform.engine.support.hierarchical.NodeTestTask.lambda$executeRecursively$6(NodeTestTask.java:155) ~[junit-platform-engine-1.8.2.jar:1.8.2]
	at org.junit.platform.engine.support.hierarchical.ThrowableCollector.execute(ThrowableCollector.java:73) ~[junit-platform-engine-1.8.2.jar:1.8.2]
	at org.junit.platform.engine.support.hierarchical.NodeTestTask.lambda$executeRecursively$8(NodeTestTask.java:141) ~[junit-platform-engine-1.8.2.jar:1.8.2]
	at org.junit.platform.engine.support.hierarchical.Node.around(Node.java:137) ~[junit-platform-engine-1.8.2.jar:1.8.2]
	at org.junit.platform.engine.support.hierarchical.NodeTestTask.lambda$executeRecursively$9(NodeTestTask.java:139) ~[junit-platform-engine-1.8.2.jar:1.8.2]
	at org.junit.platform.engine.support.hierarchical.ThrowableCollector.execute(ThrowableCollector.java:73) ~[junit-platform-engine-1.8.2.jar:1.8.2]
	at org.junit.platform.engine.support.hierarchical.NodeTestTask.executeRecursively(NodeTestTask.java:138) ~[junit-platform-engine-1.8.2.jar:1.8.2]
	at org.junit.platform.engine.support.hierarchical.NodeTestTask.execute(NodeTestTask.java:95) ~[junit-platform-engine-1.8.2.jar:1.8.2]
	at java.base/java.util.ArrayList.forEach(ArrayList.java:1597) ~[na:na]
	at org.junit.platform.engine.support.hierarchical.SameThreadHierarchicalTestExecutorService.invokeAll(SameThreadHierarchicalTestExecutorService.java:41) ~[junit-platform-engine-1.8.2.jar:1.8.2]
	at org.junit.platform.engine.support.hierarchical.NodeTestTask.lambda$executeRecursively$6(NodeTestTask.java:155) ~[junit-platform-engine-1.8.2.jar:1.8.2]
	at org.junit.platform.engine.support.hierarchical.ThrowableCollector.execute(ThrowableCollector.java:73) ~[junit-platform-engine-1.8.2.jar:1.8.2]
	at org.junit.platform.engine.support.hierarchical.NodeTestTask.lambda$executeRecursively$8(NodeTestTask.java:141) ~[junit-platform-engine-1.8.2.jar:1.8.2]
	at org.junit.platform.engine.support.hierarchical.Node.around(Node.java:137) ~[junit-platform-engine-1.8.2.jar:1.8.2]
	at org.junit.platform.engine.support.hierarchical.NodeTestTask.lambda$executeRecursively$9(NodeTestTask.java:139) ~[junit-platform-engine-1.8.2.jar:1.8.2]
	at org.junit.platform.engine.support.hierarchical.ThrowableCollector.execute(ThrowableCollector.java:73) ~[junit-platform-engine-1.8.2.jar:1.8.2]
	at org.junit.platform.engine.support.hierarchical.NodeTestTask.executeRecursively(NodeTestTask.java:138) ~[junit-platform-engine-1.8.2.jar:1.8.2]
	at org.junit.platform.engine.support.hierarchical.NodeTestTask.execute(NodeTestTask.java:95) ~[junit-platform-engine-1.8.2.jar:1.8.2]
	at org.junit.platform.engine.support.hierarchical.SameThreadHierarchicalTestExecutorService.submit(SameThreadHierarchicalTestExecutorService.java:35) ~[junit-platform-engine-1.8.2.jar:1.8.2]
	at org.junit.platform.engine.support.hierarchical.HierarchicalTestExecutor.execute(HierarchicalTestExecutor.java:57) ~[junit-platform-engine-1.8.2.jar:1.8.2]
	at org.junit.platform.engine.support.hierarchical.HierarchicalTestEngine.execute(HierarchicalTestEngine.java:54) ~[junit-platform-engine-1.8.2.jar:1.8.2]
	at org.junit.platform.launcher.core.DefaultLauncher.execute(DefaultLauncher.java:220) ~[junit-platform-launcher-1.3.1.jar:1.3.1]
	at org.junit.platform.launcher.core.DefaultLauncher.lambda$execute$6(DefaultLauncher.java:188) ~[junit-platform-launcher-1.3.1.jar:1.3.1]
	at org.junit.platform.launcher.core.DefaultLauncher.withInterceptedStreams(DefaultLauncher.java:202) ~[junit-platform-launcher-1.3.1.jar:1.3.1]
	at org.junit.platform.launcher.core.DefaultLauncher.execute(DefaultLauncher.java:181) ~[junit-platform-launcher-1.3.1.jar:1.3.1]
	at org.junit.platform.launcher.core.DefaultLauncher.execute(DefaultLauncher.java:128) ~[junit-platform-launcher-1.3.1.jar:1.3.1]
	at org.apache.maven.surefire.junitplatform.JUnitPlatformProvider.invokeAllTests(JUnitPlatformProvider.java:150) ~[surefire-junit-platform-2.22.2.jar:2.22.2]
	at org.apache.maven.surefire.junitplatform.JUnitPlatformProvider.invoke(JUnitPlatformProvider.java:124) ~[surefire-junit-platform-2.22.2.jar:2.22.2]
	at org.apache.maven.surefire.booter.ForkedBooter.invokeProviderInSameClassLoader(ForkedBooter.java:384) ~[surefire-booter-2.22.2.jar:2.22.2]
	at org.apache.maven.surefire.booter.ForkedBooter.runSuitesInProcess(ForkedBooter.java:345) ~[surefire-booter-2.22.2.jar:2.22.2]
	at org.apache.maven.surefire.booter.ForkedBooter.execute(ForkedBooter.java:126) ~[surefire-booter-2.22.2.jar:2.22.2]
	at org.apache.maven.surefire.booter.ForkedBooter.main(ForkedBooter.java:418) ~[surefire-booter-2.22.2.jar:2.22.2]
Caused by: org.springframework.beans.factory.BeanCreationException: Error creating bean with name 'dataSourceScriptDatabaseInitializer' defined in class path resource [org/springframework/boot/autoconfigure/sql/init/DataSourceInitializationConfiguration.class]: Invocation of init method failed; nested exception is org.springframework.jdbc.datasource.init.ScriptStatementFailedException: Failed to execute SQL script statement #1 of URL [file:/D:/simblog/target/test-classes/data.sql]: CREATE TABLE IF NOT EXISTS `user` ( `id` BIGINT NOT NULL AUTO_INCREMENT COMMENT '用户ID', `username` VARCHAR(50) NOT NULL COMMENT '用户名', `password` VARCHAR(100) NOT NULL COMMENT '密码', `email` VARCHAR(100) COMMENT '邮箱', `nickname` VARCHAR(50) COMMENT '昵称', `avatar` VARCHAR(255) COMMENT '头像', `bio` TEXT COMMENT '个人简介', `create_time` DATETIME NOT NULL DEFAULT CURRENT_TIMESTAMP COMMENT '创建时间', `update_time` DATETIME NOT NULL DEFAULT CURRENT_TIMESTAMP ON UPDATE CURRENT_TIMESTAMP COMMENT '更新时间', `deleted` TINYINT NOT NULL DEFAULT 0 COMMENT '是否删除', PRIMARY KEY (`id`), UNIQUE KEY `uk_username` (`username`) ); nested exception is org.h2.jdbc.JdbcSQLSyntaxErrorException: Syntax error in SQL statement "CREATE TABLE IF NOT EXISTS `user` ( `id` BIGINT NOT NULL AUTO_INCREMENT COMMENT '用户ID', `username` VARCHAR(50) NOT NULL COMMENT '用户名', `password` VARCHAR(100) NOT NULL COMMENT '密码', `email` VARCHAR(100) COMMENT '邮箱', `nickname` VARCHAR(50) COMMENT '昵称', `avatar` VARCHAR(255) COMMENT '头像', `bio` TEXT COMMENT '个人简介', `create_time` DATETIME NOT NULL DEFAULT CURRENT_TIMESTAMP COMMENT '创建时间', `update_time` DATETIME NOT NULL DEFAULT CURRENT_TIMESTAMP ON UPDATE CURRENT_TIMESTAMP COMMENT '更新时间', `deleted` TINYINT NOT NULL DEFAULT 0 COMMENT '是否删除', PRIMARY KEY (`id`), UNIQUE [*]KEY `uk_username` (`username`) )"; expected "("; SQL statement:
CREATE TABLE IF NOT EXISTS `user` ( `id` BIGINT NOT NULL AUTO_INCREMENT COMMENT '用户ID', `username` VARCHAR(50) NOT NULL COMMENT '用户名', `password` VARCHAR(100) NOT NULL COMMENT '密码', `email` VARCHAR(100) COMMENT '邮箱', `nickname` VARCHAR(50) COMMENT '昵称', `avatar` VARCHAR(255) COMMENT '头像', `bio` TEXT COMMENT '个人简介', `create_time` DATETIME NOT NULL DEFAULT CURRENT_TIMESTAMP COMMENT '创建时间', `update_time` DATETIME NOT NULL DEFAULT CURRENT_TIMESTAMP ON UPDATE CURRENT_TIMESTAMP COMMENT '更新时间', `deleted` TINYINT NOT NULL DEFAULT 0 COMMENT '是否删除', PRIMARY KEY (`id`), UNIQUE KEY `uk_username` (`username`) ) [42001-212]
	at org.springframework.beans.factory.support.AbstractAutowireCapableBeanFactory.initializeBean(AbstractAutowireCapableBeanFactory.java:1804) ~[spring-beans-5.3.20.jar:5.3.20]
	at org.springframework.beans.factory.support.AbstractAutowireCapableBeanFactory.doCreateBean(AbstractAutowireCapableBeanFactory.java:620) ~[spring-beans-5.3.20.jar:5.3.20]
	at org.springframework.beans.factory.support.AbstractAutowireCapableBeanFactory.createBean(AbstractAutowireCapableBeanFactory.java:542) ~[spring-beans-5.3.20.jar:5.3.20]
	at org.springframework.beans.factory.support.AbstractBeanFactory.lambda$doGetBean$0(AbstractBeanFactory.java:335) ~[spring-beans-5.3.20.jar:5.3.20]
	at org.springframework.beans.factory.support.DefaultSingletonBeanRegistry.getSingleton(DefaultSingletonBeanRegistry.java:234) ~[spring-beans-5.3.20.jar:5.3.20]
	at org.springframework.beans.factory.support.AbstractBeanFactory.doGetBean(AbstractBeanFactory.java:333) ~[spring-beans-5.3.20.jar:5.3.20]
	at org.springframework.beans.factory.support.AbstractBeanFactory.getBean(AbstractBeanFactory.java:208) ~[spring-beans-5.3.20.jar:5.3.20]
	at org.springframework.beans.factory.support.AbstractBeanFactory.doGetBean(AbstractBeanFactory.java:322) ~[spring-beans-5.3.20.jar:5.3.20]
	at org.springframework.beans.factory.support.AbstractBeanFactory.getBean(AbstractBeanFactory.java:208) ~[spring-beans-5.3.20.jar:5.3.20]
	at org.springframework.beans.factory.support.DefaultListableBeanFactory.preInstantiateSingletons(DefaultListableBeanFactory.java:953) ~[spring-beans-5.3.20.jar:5.3.20]
	at org.springframework.context.support.AbstractApplicationContext.finishBeanFactoryInitialization(AbstractApplicationContext.java:918) ~[spring-context-5.3.20.jar:5.3.20]
	at org.springframework.context.support.AbstractApplicationContext.refresh(AbstractApplicationContext.java:583) ~[spring-context-5.3.20.jar:5.3.20]
	at org.springframework.boot.SpringApplication.refresh(SpringApplication.java:734) ~[spring-boot-2.7.0.jar:2.7.0]
	at org.springframework.boot.SpringApplication.refreshContext(SpringApplication.java:408) ~[spring-boot-2.7.0.jar:2.7.0]
	at org.springframework.boot.SpringApplication.run(SpringApplication.java:308) ~[spring-boot-2.7.0.jar:2.7.0]
	at org.springframework.boot.test.context.SpringBootContextLoader.loadContext(SpringBootContextLoader.java:132) ~[spring-boot-test-2.7.0.jar:2.7.0]
	at org.springframework.test.context.cache.DefaultCacheAwareContextLoaderDelegate.loadContextInternal(DefaultCacheAwareContextLoaderDelegate.java:99) ~[spring-test-5.3.20.jar:5.3.20]
	at org.springframework.test.context.cache.DefaultCacheAwareContextLoaderDelegate.loadContext(DefaultCacheAwareContextLoaderDelegate.java:124) ~[spring-test-5.3.20.jar:5.3.20]
	... 67 common frames omitted
Caused by: org.springframework.jdbc.datasource.init.ScriptStatementFailedException: Failed to execute SQL script statement #1 of URL [file:/D:/simblog/target/test-classes/data.sql]: CREATE TABLE IF NOT EXISTS `user` ( `id` BIGINT NOT NULL AUTO_INCREMENT COMMENT '用户ID', `username` VARCHAR(50) NOT NULL COMMENT '用户名', `password` VARCHAR(100) NOT NULL COMMENT '密码', `email` VARCHAR(100) COMMENT '邮箱', `nickname` VARCHAR(50) COMMENT '昵称', `avatar` VARCHAR(255) COMMENT '头像', `bio` TEXT COMMENT '个人简介', `create_time` DATETIME NOT NULL DEFAULT CURRENT_TIMESTAMP COMMENT '创建时间', `update_time` DATETIME NOT NULL DEFAULT CURRENT_TIMESTAMP ON UPDATE CURRENT_TIMESTAMP COMMENT '更新时间', `deleted` TINYINT NOT NULL DEFAULT 0 COMMENT '是否删除', PRIMARY KEY (`id`), UNIQUE KEY `uk_username` (`username`) ); nested exception is org.h2.jdbc.JdbcSQLSyntaxErrorException: Syntax error in SQL statement "CREATE TABLE IF NOT EXISTS `user` ( `id` BIGINT NOT NULL AUTO_INCREMENT COMMENT '用户ID', `username` VARCHAR(50) NOT NULL COMMENT '用户名', `password` VARCHAR(100) NOT NULL COMMENT '密码', `email` VARCHAR(100) COMMENT '邮箱', `nickname` VARCHAR(50) COMMENT '昵称', `avatar` VARCHAR(255) COMMENT '头像', `bio` TEXT COMMENT '个人简介', `create_time` DATETIME NOT NULL DEFAULT CURRENT_TIMESTAMP COMMENT '创建时间', `update_time` DATETIME NOT NULL DEFAULT CURRENT_TIMESTAMP ON UPDATE CURRENT_TIMESTAMP COMMENT '更新时间', `deleted` TINYINT NOT NULL DEFAULT 0 COMMENT '是否删除', PRIMARY KEY (`id`), UNIQUE [*]KEY `uk_username` (`username`) )"; expected "("; SQL statement:
CREATE TABLE IF NOT EXISTS `user` ( `id` BIGINT NOT NULL AUTO_INCREMENT COMMENT '用户ID', `username` VARCHAR(50) NOT NULL COMMENT '用户名', `password` VARCHAR(100) NOT NULL COMMENT '密码', `email` VARCHAR(100) COMMENT '邮箱', `nickname` VARCHAR(50) COMMENT '昵称', `avatar` VARCHAR(255) COMMENT '头像', `bio` TEXT COMMENT '个人简介', `create_time` DATETIME NOT NULL DEFAULT CURRENT_TIMESTAMP COMMENT '创建时间', `update_time` DATETIME NOT NULL DEFAULT CURRENT_TIMESTAMP ON UPDATE CURRENT_TIMESTAMP COMMENT '更新时间', `deleted` TINYINT NOT NULL DEFAULT 0 COMMENT '是否删除', PRIMARY KEY (`id`), UNIQUE KEY `uk_username` (`username`) ) [42001-212]
	at org.springframework.jdbc.datasource.init.ScriptUtils.executeSqlScript(ScriptUtils.java:282) ~[spring-jdbc-5.3.20.jar:5.3.20]
	at org.springframework.jdbc.datasource.init.ResourceDatabasePopulator.populate(ResourceDatabasePopulator.java:254) ~[spring-jdbc-5.3.20.jar:5.3.20]
	at org.springframework.jdbc.datasource.init.DatabasePopulatorUtils.execute(DatabasePopulatorUtils.java:54) ~[spring-jdbc-5.3.20.jar:5.3.20]
	at org.springframework.boot.jdbc.init.DataSourceScriptDatabaseInitializer.runScripts(DataSourceScriptDatabaseInitializer.java:90) ~[spring-boot-2.7.0.jar:2.7.0]
	at org.springframework.boot.sql.init.AbstractScriptDatabaseInitializer.runScripts(AbstractScriptDatabaseInitializer.java:145) ~[spring-boot-2.7.0.jar:2.7.0]
	at org.springframework.boot.sql.init.AbstractScriptDatabaseInitializer.applyScripts(AbstractScriptDatabaseInitializer.java:107) ~[spring-boot-2.7.0.jar:2.7.0]
	at org.springframework.boot.sql.init.AbstractScriptDatabaseInitializer.applyDataScripts(AbstractScriptDatabaseInitializer.java:101) ~[spring-boot-2.7.0.jar:2.7.0]
	at org.springframework.boot.sql.init.AbstractScriptDatabaseInitializer.initializeDatabase(AbstractScriptDatabaseInitializer.java:76) ~[spring-boot-2.7.0.jar:2.7.0]
	at org.springframework.boot.sql.init.AbstractScriptDatabaseInitializer.afterPropertiesSet(AbstractScriptDatabaseInitializer.java:65) ~[spring-boot-2.7.0.jar:2.7.0]
	at org.springframework.beans.factory.support.AbstractAutowireCapableBeanFactory.invokeInitMethods(AbstractAutowireCapableBeanFactory.java:1863) ~[spring-beans-5.3.20.jar:5.3.20]
	at org.springframework.beans.factory.support.AbstractAutowireCapableBeanFactory.initializeBean(AbstractAutowireCapableBeanFactory.java:1800) ~[spring-beans-5.3.20.jar:5.3.20]
	... 84 common frames omitted
Caused by: org.h2.jdbc.JdbcSQLSyntaxErrorException: Syntax error in SQL statement "CREATE TABLE IF NOT EXISTS `user` ( `id` BIGINT NOT NULL AUTO_INCREMENT COMMENT '用户ID', `username` VARCHAR(50) NOT NULL COMMENT '用户名', `password` VARCHAR(100) NOT NULL COMMENT '密码', `email` VARCHAR(100) COMMENT '邮箱', `nickname` VARCHAR(50) COMMENT '昵称', `avatar` VARCHAR(255) COMMENT '头像', `bio` TEXT COMMENT '个人简介', `create_time` DATETIME NOT NULL DEFAULT CURRENT_TIMESTAMP COMMENT '创建时间', `update_time` DATETIME NOT NULL DEFAULT CURRENT_TIMESTAMP ON UPDATE CURRENT_TIMESTAMP COMMENT '更新时间', `deleted` TINYINT NOT NULL DEFAULT 0 COMMENT '是否删除', PRIMARY KEY (`id`), UNIQUE [*]KEY `uk_username` (`username`) )"; expected "("; SQL statement:
CREATE TABLE IF NOT EXISTS `user` ( `id` BIGINT NOT NULL AUTO_INCREMENT COMMENT '用户ID', `username` VARCHAR(50) NOT NULL COMMENT '用户名', `password` VARCHAR(100) NOT NULL COMMENT '密码', `email` VARCHAR(100) COMMENT '邮箱', `nickname` VARCHAR(50) COMMENT '昵称', `avatar` VARCHAR(255) COMMENT '头像', `bio` TEXT COMMENT '个人简介', `create_time` DATETIME NOT NULL DEFAULT CURRENT_TIMESTAMP COMMENT '创建时间', `update_time` DATETIME NOT NULL DEFAULT CURRENT_TIMESTAMP ON UPDATE CURRENT_TIMESTAMP COMMENT '更新时间', `deleted` TINYINT NOT NULL DEFAULT 0 COMMENT '是否删除', PRIMARY KEY (`id`), UNIQUE KEY `uk_username` (`username`) ) [42001-212]
	at org.h2.message.DbException.getJdbcSQLException(DbException.java:502) ~[h2-2.1.212.jar:2.1.212]
	at org.h2.message.DbException.getJdbcSQLException(DbException.java:477) ~[h2-2.1.212.jar:2.1.212]
	at org.h2.message.DbException.getSyntaxError(DbException.java:261) ~[h2-2.1.212.jar:2.1.212]
	at org.h2.command.Parser.getSyntaxError(Parser.java:907) ~[h2-2.1.212.jar:2.1.212]
	at org.h2.command.Parser.read(Parser.java:5743) ~[h2-2.1.212.jar:2.1.212]
	at org.h2.command.Parser.parseTableConstraintIf(Parser.java:9075) ~[h2-2.1.212.jar:2.1.212]
	at org.h2.command.Parser.parseTableColumnDefinition(Parser.java:9318) ~[h2-2.1.212.jar:2.1.212]
	at org.h2.command.Parser.parseCreateTable(Parser.java:9266) ~[h2-2.1.212.jar:2.1.212]
	at org.h2.command.Parser.parseCreate(Parser.java:6745) ~[h2-2.1.212.jar:2.1.212]
	at org.h2.command.Parser.parsePrepared(Parser.java:763) ~[h2-2.1.212.jar:2.1.212]
	at org.h2.command.Parser.parse(Parser.java:691) ~[h2-2.1.212.jar:2.1.212]
	at org.h2.command.Parser.parse(Parser.java:666) ~[h2-2.1.212.jar:2.1.212]
	at org.h2.command.Parser.prepareCommand(Parser.java:568) ~[h2-2.1.212.jar:2.1.212]
	at org.h2.engine.SessionLocal.prepareLocal(SessionLocal.java:631) ~[h2-2.1.212.jar:2.1.212]
	at org.h2.engine.SessionLocal.prepareCommand(SessionLocal.java:554) ~[h2-2.1.212.jar:2.1.212]
	at org.h2.jdbc.JdbcConnection.prepareCommand(JdbcConnection.java:1116) ~[h2-2.1.212.jar:2.1.212]
	at org.h2.jdbc.JdbcStatement.executeInternal(JdbcStatement.java:237) ~[h2-2.1.212.jar:2.1.212]
	at org.h2.jdbc.JdbcStatement.execute(JdbcStatement.java:223) ~[h2-2.1.212.jar:2.1.212]
	at com.zaxxer.hikari.pool.ProxyStatement.execute(ProxyStatement.java:94) ~[HikariCP-4.0.3.jar:na]
	at com.zaxxer.hikari.pool.HikariProxyStatement.execute(HikariProxyStatement.java) ~[HikariCP-4.0.3.jar:na]
	at org.springframework.jdbc.datasource.init.ScriptUtils.executeSqlScript(ScriptUtils.java:261) ~[spring-jdbc-5.3.20.jar:5.3.20]
	... 94 common frames omitted

]]></system-out>
  </testcase>
</testsuite>