<?xml version="1.0" encoding="UTF-8"?>
<testsuite xmlns:xsi="http://www.w3.org/2001/XMLSchema-instance" xsi:noNamespaceSchemaLocation="https://maven.apache.org/surefire/maven-surefire-plugin/xsd/surefire-test-report.xsd" name="com.example.service.ArticleServiceTest" time="0.592" tests="11" errors="10" skipped="0" failures="0">
  <properties>
[...]
</properties>
  <testcase name="testGetArticlePage_WithNullStatus" classname="com.example.service.ArticleServiceTest" time="0.545">
    <error message="Cannot invoke &quot;com.baomidou.mybatisplus.core.mapper.BaseMapper.selectPage(com.baomidou.mybatisplus.core.metadata.IPage, com.baomidou.mybatisplus.core.conditions.Wrapper)&quot; because the return value of &quot;com.baomidou.mybatisplus.extension.service.IService.getBaseMapper()&quot; is null" type="java.lang.NullPointerException">java.lang.NullPointerException: Cannot invoke "com.baomidou.mybatisplus.core.mapper.BaseMapper.selectPage(com.baomidou.mybatisplus.core.metadata.IPage, com.baomidou.mybatisplus.core.conditions.Wrapper)" because the return value of "com.baomidou.mybatisplus.extension.service.IService.getBaseMapper()" is null
	at com.example.service.ArticleServiceTest.testGetArticlePage_WithNullStatus(ArticleServiceTest.java:91)
</error>
    <system-out><![CDATA[17:04:48.906 [main] DEBUG org.apache.ibatis.logging.LogFactory - Logging initialized using 'class org.apache.ibatis.logging.slf4j.Slf4jImpl' adapter.
]]></system-out>
  </testcase>
  <testcase name="testGetArticleDetail_NotFound" classname="com.example.service.ArticleServiceTest" time="0.002">
    <error message="&#10;Misplaced or misused argument matcher detected here:&#10;&#10;-&gt; at com.example.service.ArticleServiceTest.testGetArticlePage_WithNullStatus(ArticleServiceTest.java:91)&#10;-&gt; at com.example.service.ArticleServiceTest.testGetArticlePage_WithNullStatus(ArticleServiceTest.java:91)&#10;&#10;You cannot use argument matchers outside of verification or stubbing.&#10;Examples of correct usage of argument matchers:&#10;    when(mock.get(anyInt())).thenReturn(null);&#10;    doThrow(new RuntimeException()).when(mock).someVoidMethod(any());&#10;    verify(mock).someMethod(contains(&quot;foo&quot;))&#10;&#10;This message may appear after an NullPointerException if the last matcher is returning an object &#10;like any() but the stubbed method signature expect a primitive argument, in this case,&#10;use primitive alternatives.&#10;    when(mock.get(any())); // bad use, will raise NPE&#10;    when(mock.get(anyInt())); // correct usage use&#10;&#10;Also, this error might show up because you use argument matchers with methods that cannot be mocked.&#10;Following methods *cannot* be stubbed/verified: final/private/equals()/hashCode().&#10;Mocking methods declared on non-public parent classes is not supported.&#10;" type="org.mockito.exceptions.misusing.InvalidUseOfMatchersException">org.mockito.exceptions.misusing.InvalidUseOfMatchersException: 

Misplaced or misused argument matcher detected here:

-> at com.example.service.ArticleServiceTest.testGetArticlePage_WithNullStatus(ArticleServiceTest.java:91)
-> at com.example.service.ArticleServiceTest.testGetArticlePage_WithNullStatus(ArticleServiceTest.java:91)

You cannot use argument matchers outside of verification or stubbing.
Examples of correct usage of argument matchers:
    when(mock.get(anyInt())).thenReturn(null);
    doThrow(new RuntimeException()).when(mock).someVoidMethod(any());
    verify(mock).someMethod(contains("foo"))

This message may appear after an NullPointerException if the last matcher is returning an object 
like any() but the stubbed method signature expect a primitive argument, in this case,
use primitive alternatives.
    when(mock.get(any())); // bad use, will raise NPE
    when(mock.get(anyInt())); // correct usage use

Also, this error might show up because you use argument matchers with methods that cannot be mocked.
Following methods *cannot* be stubbed/verified: final/private/equals()/hashCode().
Mocking methods declared on non-public parent classes is not supported.

</error>
  </testcase>
  <testcase name="testDeleteArticle_Failure" classname="com.example.service.ArticleServiceTest" time="0.003">
    <error message="Cannot invoke &quot;com.baomidou.mybatisplus.core.metadata.TableInfo.isWithLogicDelete()&quot; because &quot;tableInfo&quot; is null" type="java.lang.NullPointerException">java.lang.NullPointerException: Cannot invoke "com.baomidou.mybatisplus.core.metadata.TableInfo.isWithLogicDelete()" because "tableInfo" is null
	at com.example.service.ArticleServiceTest.testDeleteArticle_Failure(ArticleServiceTest.java:195)
</error>
  </testcase>
  <testcase name="testCreateArticle_Failure" classname="com.example.service.ArticleServiceTest" time="0.002">
    <error message="Cannot invoke &quot;com.baomidou.mybatisplus.core.mapper.BaseMapper.insert(Object)&quot; because the return value of &quot;com.baomidou.mybatisplus.extension.service.IService.getBaseMapper()&quot; is null" type="java.lang.NullPointerException">java.lang.NullPointerException: Cannot invoke "com.baomidou.mybatisplus.core.mapper.BaseMapper.insert(Object)" because the return value of "com.baomidou.mybatisplus.extension.service.IService.getBaseMapper()" is null
	at com.example.service.ArticleServiceTest.testCreateArticle_Failure(ArticleServiceTest.java:146)
</error>
  </testcase>
  <testcase name="testUpdateArticle_Success" classname="com.example.service.ArticleServiceTest" time="0">
    <error message="&#10;Misplaced or misused argument matcher detected here:&#10;&#10;-&gt; at com.example.service.ArticleServiceTest.testCreateArticle_Failure(ArticleServiceTest.java:146)&#10;&#10;You cannot use argument matchers outside of verification or stubbing.&#10;Examples of correct usage of argument matchers:&#10;    when(mock.get(anyInt())).thenReturn(null);&#10;    doThrow(new RuntimeException()).when(mock).someVoidMethod(any());&#10;    verify(mock).someMethod(contains(&quot;foo&quot;))&#10;&#10;This message may appear after an NullPointerException if the last matcher is returning an object &#10;like any() but the stubbed method signature expect a primitive argument, in this case,&#10;use primitive alternatives.&#10;    when(mock.get(any())); // bad use, will raise NPE&#10;    when(mock.get(anyInt())); // correct usage use&#10;&#10;Also, this error might show up because you use argument matchers with methods that cannot be mocked.&#10;Following methods *cannot* be stubbed/verified: final/private/equals()/hashCode().&#10;Mocking methods declared on non-public parent classes is not supported.&#10;" type="org.mockito.exceptions.misusing.InvalidUseOfMatchersException">org.mockito.exceptions.misusing.InvalidUseOfMatchersException: 

Misplaced or misused argument matcher detected here:

-> at com.example.service.ArticleServiceTest.testCreateArticle_Failure(ArticleServiceTest.java:146)

You cannot use argument matchers outside of verification or stubbing.
Examples of correct usage of argument matchers:
    when(mock.get(anyInt())).thenReturn(null);
    doThrow(new RuntimeException()).when(mock).someVoidMethod(any());
    verify(mock).someMethod(contains("foo"))

This message may appear after an NullPointerException if the last matcher is returning an object 
like any() but the stubbed method signature expect a primitive argument, in this case,
use primitive alternatives.
    when(mock.get(any())); // bad use, will raise NPE
    when(mock.get(anyInt())); // correct usage use

Also, this error might show up because you use argument matchers with methods that cannot be mocked.
Following methods *cannot* be stubbed/verified: final/private/equals()/hashCode().
Mocking methods declared on non-public parent classes is not supported.

</error>
  </testcase>
  <testcase name="testGetArticleDetail_Success" classname="com.example.service.ArticleServiceTest" time="0.001">
    <error message="Cannot invoke &quot;com.baomidou.mybatisplus.core.mapper.BaseMapper.selectById(java.io.Serializable)&quot; because the return value of &quot;com.baomidou.mybatisplus.extension.service.IService.getBaseMapper()&quot; is null" type="java.lang.NullPointerException">java.lang.NullPointerException: Cannot invoke "com.baomidou.mybatisplus.core.mapper.BaseMapper.selectById(java.io.Serializable)" because the return value of "com.baomidou.mybatisplus.extension.service.IService.getBaseMapper()" is null
	at com.example.service.ArticleServiceTest.testGetArticleDetail_Success(ArticleServiceTest.java:104)
</error>
  </testcase>
  <testcase name="testUpdateArticle_Failure" classname="com.example.service.ArticleServiceTest" time="0.003">
    <error message="Cannot invoke &quot;com.baomidou.mybatisplus.core.mapper.BaseMapper.updateById(Object)&quot; because the return value of &quot;com.baomidou.mybatisplus.extension.service.IService.getBaseMapper()&quot; is null" type="java.lang.NullPointerException">java.lang.NullPointerException: Cannot invoke "com.baomidou.mybatisplus.core.mapper.BaseMapper.updateById(Object)" because the return value of "com.baomidou.mybatisplus.extension.service.IService.getBaseMapper()" is null
	at com.example.service.ArticleServiceTest.testUpdateArticle_Failure(ArticleServiceTest.java:171)
</error>
  </testcase>
  <testcase name="testGetArticlePage_Success" classname="com.example.service.ArticleServiceTest" time="0.001">
    <error message="&#10;Misplaced or misused argument matcher detected here:&#10;&#10;-&gt; at com.example.service.ArticleServiceTest.testUpdateArticle_Failure(ArticleServiceTest.java:171)&#10;&#10;You cannot use argument matchers outside of verification or stubbing.&#10;Examples of correct usage of argument matchers:&#10;    when(mock.get(anyInt())).thenReturn(null);&#10;    doThrow(new RuntimeException()).when(mock).someVoidMethod(any());&#10;    verify(mock).someMethod(contains(&quot;foo&quot;))&#10;&#10;This message may appear after an NullPointerException if the last matcher is returning an object &#10;like any() but the stubbed method signature expect a primitive argument, in this case,&#10;use primitive alternatives.&#10;    when(mock.get(any())); // bad use, will raise NPE&#10;    when(mock.get(anyInt())); // correct usage use&#10;&#10;Also, this error might show up because you use argument matchers with methods that cannot be mocked.&#10;Following methods *cannot* be stubbed/verified: final/private/equals()/hashCode().&#10;Mocking methods declared on non-public parent classes is not supported.&#10;" type="org.mockito.exceptions.misusing.InvalidUseOfMatchersException">org.mockito.exceptions.misusing.InvalidUseOfMatchersException: 

Misplaced or misused argument matcher detected here:

-> at com.example.service.ArticleServiceTest.testUpdateArticle_Failure(ArticleServiceTest.java:171)

You cannot use argument matchers outside of verification or stubbing.
Examples of correct usage of argument matchers:
    when(mock.get(anyInt())).thenReturn(null);
    doThrow(new RuntimeException()).when(mock).someVoidMethod(any());
    verify(mock).someMethod(contains("foo"))

This message may appear after an NullPointerException if the last matcher is returning an object 
like any() but the stubbed method signature expect a primitive argument, in this case,
use primitive alternatives.
    when(mock.get(any())); // bad use, will raise NPE
    when(mock.get(anyInt())); // correct usage use

Also, this error might show up because you use argument matchers with methods that cannot be mocked.
Following methods *cannot* be stubbed/verified: final/private/equals()/hashCode().
Mocking methods declared on non-public parent classes is not supported.

</error>
  </testcase>
  <testcase name="testIncrementViewCount_Success" classname="com.example.service.ArticleServiceTest" time="0.014"/>
  <testcase name="testDeleteArticle_Success" classname="com.example.service.ArticleServiceTest" time="0.001">
    <error message="Cannot invoke &quot;com.baomidou.mybatisplus.core.metadata.TableInfo.isWithLogicDelete()&quot; because &quot;tableInfo&quot; is null" type="java.lang.NullPointerException">java.lang.NullPointerException: Cannot invoke "com.baomidou.mybatisplus.core.metadata.TableInfo.isWithLogicDelete()" because "tableInfo" is null
	at com.example.service.ArticleServiceTest.testDeleteArticle_Success(ArticleServiceTest.java:183)
</error>
  </testcase>
  <testcase name="testCreateArticle_Success" classname="com.example.service.ArticleServiceTest" time="0.002">
    <error message="Cannot invoke &quot;com.baomidou.mybatisplus.core.mapper.BaseMapper.insert(Object)&quot; because the return value of &quot;com.baomidou.mybatisplus.extension.service.IService.getBaseMapper()&quot; is null" type="java.lang.NullPointerException">java.lang.NullPointerException: Cannot invoke "com.baomidou.mybatisplus.core.mapper.BaseMapper.insert(Object)" because the return value of "com.baomidou.mybatisplus.extension.service.IService.getBaseMapper()" is null
	at com.example.service.ArticleServiceTest.testCreateArticle_Success(ArticleServiceTest.java:130)
</error>
  </testcase>
</testsuite>